#
# A fatal error has been detected by the Java Runtime Environment:
#
#  SIGSEGV (0xb) at pc=0x00007fdab34b8041, pid=14081, tid=0x00007fdab2fff640
#
# JRE version: Java(TM) SE Runtime Environment (8.0_361) (build 1.8.0_361-b09)
# Java VM: Java HotSpot(TM) 64-Bit Server VM (25.361-b09 mixed mode linux-amd64 compressed oops)
# Problematic frame:
# C  [libc.so.6+0x158041]  __memmove_avx_unaligned+0x11
#
# Core dump written. Default location: /var/home/omenitep/Dropbox/School/COP4520/research/core or core.14081
#
# If you would like to submit a bug report, please visit:
#   http://bugreport.java.com/bugreport/crash.jsp
# The crash happened outside the Java Virtual Machine in native code.
# See problematic frame for where to report the bug.
#

---------------  T H R E A D  ---------------

Current thread (0x00007fdaac010000):  JavaThread "main" [_thread_in_native, id=14082, stack(0x00007fdab2f00000,0x00007fdab3000000)]

siginfo: si_signo: 11 (SIGSEGV), si_code: 1 (SEGV_MAPERR), si_addr: 0x0000000000000000

Registers:
RAX=0x00007fda884000cc, RBX=0x0000000000000000, RCX=0x00000000fffffffc, RDX=0x0000000000000020
RSP=0x00007fdab2ffe518, RBP=0x0000000000000004, RSI=0x0000000000000000, RDI=0x00007fda884000cc
R8 =0x0000000000100000, R9 =0x00007fdab2ffe580, R10=0x00007fdab2ffe5d4, R11=0x00000000000003ac
R12=0x0000000000000000, R13=0x0000000000000001, R14=0x00007fdaac5802a0, R15=0x00007fdaac010000
RIP=0x00007fdab34b8041, EFLAGS=0x0000000000010246, CSGSFS=0x002b000000000033, ERR=0x0000000000000004
  TRAPNO=0x000000000000000e

Top of Stack: (sp=0x00007fdab2ffe518)
0x00007fdab2ffe518:   00007fda8ad28e4f 00007fdab2ffe580
0x00007fdab2ffe528:   00007fdaac60e440 00f00011fe0003ff
0x00007fdab2ffe538:   00007fdab2ffe5e0 00007fdab2ffe5d4
0x00007fdab2ffe548:   0000000000000000 00007fdaac60e440
0x00007fdab2ffe558:   00007fda8a8954bb 00007fdab2ffe5e0
0x00007fdab2ffe568:   00007fdaac5b44e0 00007fdab2ffe5d4
0x00007fdab2ffe578:   00000000000000cc 00007fdaace16480
0x00007fdab2ffe588:   15423d98a5fe9500 00007fdaacdc0eb0
0x00007fdab2ffe598:   0000000000000002 0000000000000000
0x00007fdab2ffe5a8:   0000000000000000 0000000000001405
0x00007fdab2ffe5b8:   0000000000000000 00007fdaac010000
0x00007fdab2ffe5c8:   00007fda8a985949 0000000000000000
0x00007fdab2ffe5d8:   0000000000000008 0000000002000404
0x00007fdab2ffe5e8:   0000000000000001 0000000000000000
0x00007fdab2ffe5f8:   ffffffff00000000 000000000c000000
0x00007fdab2ffe608:   15423d98a5fe9500 00007fdaac5b44e0
0x00007fdab2ffe618:   0000000000000004 0000000000000008
0x00007fdab2ffe628:   00007fda8a987a73 0000000000001405
0x00007fdab2ffe638:   0000000000000000 0000000000000000
0x00007fdab2ffe648:   0000000000000001 0000000000000000
0x00007fdab2ffe658:   00007fda8a987a4a 00007fda9aa12808
0x00007fdab2ffe668:   00007fdab2ffe6f8 0000000000000000
0x00007fdab2ffe678:   00007fda9aa12808 00007fdab2ffe738
0x00007fdab2ffe688:   00007fda9c820548 00007fda9aa12808
0x00007fdab2ffe698:   00007fdab2ffe738 00007fdab2ffe6f8
0x00007fdab2ffe6a8:   00007fda9c81ffc7 00007fda9c81ff82
0x00007fdab2ffe6b8:   00007fdab2ffe6b8 00007fda9aa12808
0x00007fdab2ffe6c8:   00007fdab2ffe738 00007fda9aa1dc28
0x00007fdab2ffe6d8:   0000000000000000 00007fda9aa12808
0x00007fdab2ffe6e8:   0000000000000000 00007fdab2ffe718
0x00007fdab2ffe6f8:   00007fdab2ffe780 00007fda9c8083dd
0x00007fdab2ffe708:   0000000770a0e310 00007fda9c816db8 

Instructions: (pc=0x00007fdab34b8041)
0x00007fdab34b8021:   0f 1e fa 48 39 d1 0f 82 43 7c fc ff 0f 1f 00 f3
0x00007fdab34b8031:   0f 1e fa 48 89 f8 48 83 fa 20 0f 82 af 00 00 00
0x00007fdab34b8041:   c5 fe 6f 06 48 83 fa 40 0f 87 3e 01 00 00 c5 fe
0x00007fdab34b8051:   6f 4c 16 e0 c5 fe 7f 07 c5 fe 7f 4c 17 e0 c5 f8 

Register to memory mapping:

RAX=0x00007fda884000cc is an unknown value
RBX=0x0000000000000000 is an unknown value
RCX=0x00000000fffffffc is an unknown value
RDX=0x0000000000000020 is an unknown value
RSP=0x00007fdab2ffe518 is pointing into the stack for thread: 0x00007fdaac010000
RBP=0x0000000000000004 is an unknown value
RSI=0x0000000000000000 is an unknown value
RDI=0x00007fda884000cc is an unknown value
R8 =0x0000000000100000 is an unknown value
R9 =0x00007fdab2ffe580 is pointing into the stack for thread: 0x00007fdaac010000
R10=0x00007fdab2ffe5d4 is pointing into the stack for thread: 0x00007fdaac010000
R11=0x00000000000003ac is an unknown value
R12=0x0000000000000000 is an unknown value
R13=0x0000000000000001 is an unknown value
R14=0x00007fdaac5802a0 is an unknown value
R15=0x00007fdaac010000 is a thread


Stack: [0x00007fdab2f00000,0x00007fdab3000000],  sp=0x00007fdab2ffe518,  free space=1017k
Native frames: (J=compiled Java code, j=interpreted, Vv=VM code, C=native code)
C  [libc.so.6+0x158041]  __memmove_avx_unaligned+0x11

Java frames: (J=compiled Java code, j=interpreted, Vv=VM code)
j  org.lwjgl.opengl.GL11C.nglDrawElements(IIIJ)V+0
j  org.lwjgl.opengl.GL11C.glDrawElements(IIIJ)V+4
j  org.lwjgl.opengl.GL11.glDrawElements(IIIJ)V+4
j  com.marching_cubes.CubeRenderer.render()V+341
j  com.marching_cubes.Main.main([Ljava/lang/String;)V+101
v  ~StubRoutines::call_stub

---------------  P R O C E S S  ---------------

Java Threads: ( => current thread )
  0x00007fdaac100000 JavaThread "Service Thread" daemon [_thread_blocked, id=14121, stack(0x00007fda927f4000,0x00007fda928f4000)]
  0x00007fdaac0fa800 JavaThread "C1 CompilerThread11" daemon [_thread_blocked, id=14120, stack(0x00007fda928f5000,0x00007fda929f5000)]
  0x00007fdaac0f8800 JavaThread "C1 CompilerThread10" daemon [_thread_blocked, id=14119, stack(0x00007fda929f6000,0x00007fda92af6000)]
  0x00007fdaac0f6800 JavaThread "C1 CompilerThread9" daemon [_thread_blocked, id=14118, stack(0x00007fda92af7000,0x00007fda92bf7000)]
  0x00007fdaac0f4800 JavaThread "C1 CompilerThread8" daemon [_thread_blocked, id=14117, stack(0x00007fda92bf8000,0x00007fda92cf8000)]
  0x00007fdaac0f2800 JavaThread "C2 CompilerThread7" daemon [_thread_blocked, id=14116, stack(0x00007fda92cf9000,0x00007fda92df9000)]
  0x00007fdaac0f0800 JavaThread "C2 CompilerThread6" daemon [_thread_blocked, id=14115, stack(0x00007fda92dfa000,0x00007fda92efa000)]
  0x00007fdaac0ee800 JavaThread "C2 CompilerThread5" daemon [_thread_blocked, id=14114, stack(0x00007fda92efb000,0x00007fda92ffb000)]
  0x00007fdaac0ec000 JavaThread "C2 CompilerThread4" daemon [_thread_blocked, id=14113, stack(0x00007fda92ffc000,0x00007fda930fc000)]
  0x00007fdaac0ea000 JavaThread "C2 CompilerThread3" daemon [_thread_blocked, id=14112, stack(0x00007fda930fd000,0x00007fda931fd000)]
  0x00007fdaac0e8000 JavaThread "C2 CompilerThread2" daemon [_thread_blocked, id=14111, stack(0x00007fda931fe000,0x00007fda932fe000)]
  0x00007fdaac0e6000 JavaThread "C2 CompilerThread1" daemon [_thread_blocked, id=14110, stack(0x00007fda932ff000,0x00007fda933ff000)]
  0x00007fdaac0e3800 JavaThread "C2 CompilerThread0" daemon [_thread_blocked, id=14109, stack(0x00007fda93400000,0x00007fda93500000)]
  0x00007fda04001800 JavaThread "JDWP Command Reader" daemon [_thread_in_native, id=14103, stack(0x00007fda93500000,0x00007fda93600000)]
  0x00007fdaac0e1000 JavaThread "JDWP Event Helper Thread" daemon [_thread_blocked, id=14102, stack(0x00007fda938fe000,0x00007fda939fe000)]
  0x00007fdaac0dd800 JavaThread "JDWP Transport Listener: dt_socket" daemon [_thread_blocked, id=14101, stack(0x00007fda939fe000,0x00007fda93afe000)]
  0x00007fdaac0d1800 JavaThread "Signal Dispatcher" daemon [_thread_blocked, id=14099, stack(0x00007fda93afe000,0x00007fda93bfe000)]
  0x00007fdaac09f000 JavaThread "Finalizer" daemon [_thread_blocked, id=14098, stack(0x00007fda93bfe000,0x00007fda93cfe000)]
  0x00007fdaac09a800 JavaThread "Reference Handler" daemon [_thread_blocked, id=14097, stack(0x00007fda93cfe000,0x00007fda93dfe000)]
=>0x00007fdaac010000 JavaThread "main" [_thread_in_native, id=14082, stack(0x00007fdab2f00000,0x00007fdab3000000)]

Other Threads:
  0x00007fdaac093000 VMThread [stack: 0x00007fda93dff000,0x00007fda93eff000] [id=14096]
  0x00007fdaac102800 WatcherThread [stack: 0x00007fda926f4000,0x00007fda927f4000] [id=14122]

VM state:not at safepoint (normal execution)

VM Mutex/Monitor currently owned by a thread: None

heap address: 0x00000006cf600000, size: 3850 MB, Compressed Oops mode: Zero based, Oop shift amount: 3
Narrow klass base: 0x0000000000000000, Narrow klass shift: 3
Compressed class space size: 1073741824 Address: 0x00000007c0000000

Heap:
 PSYoungGen      total 72192K, used 20090K [0x000000076fd00000, 0x0000000774d80000, 0x00000007c0000000)
  eden space 61952K, 32% used [0x000000076fd00000,0x000000077109eba8,0x0000000773980000)
  from space 10240K, 0% used [0x0000000774380000,0x0000000774380000,0x0000000774d80000)
  to   space 10240K, 0% used [0x0000000773980000,0x0000000773980000,0x0000000774380000)
 ParOldGen       total 165376K, used 0K [0x00000006cf600000, 0x00000006d9780000, 0x000000076fd00000)
  object space 165376K, 0% used [0x00000006cf600000,0x00000006cf600000,0x00000006d9780000)
 Metaspace       used 9897K, capacity 10112K, committed 10368K, reserved 1058816K
  class space    used 797K, capacity 891K, committed 896K, reserved 1048576K

Card table byte_map: [0x00007fda9bc00000,0x00007fda9c386000] byte_map_base: 0x00007fda98585000

Marking Bits: (ParMarkBitMap*) 0x00007fdab2be31c0
 Begin Bits: [0x00007fda5ae00000, 0x00007fda5ea28000)
 End Bits:   [0x00007fda5ea28000, 0x00007fda62650000)

Polling page: 0x00007fdab35b8000

CodeCache: size=245760Kb used=4720Kb max_used=4732Kb free=241039Kb
 bounds [0x00007fda9c800000, 0x00007fda9ccb0000, 0x00007fdaab800000]
 total_blobs=1723 nmethods=700 adapters=943
 compilation: enabled

Compilation events (10 events):
Event: 0.839 Thread 0x00007fdaac0f8800 nmethod 692 0x00007fda9cc98e50 code [0x00007fda9cc98fa0, 0x00007fda9cc990b0]
Event: 0.839 Thread 0x00007fdaac0f4800 nmethod 693 0x00007fda9cc986d0 code [0x00007fda9cc98880, 0x00007fda9cc98c68]
Event: 0.839 Thread 0x00007fdaac0fa800 nmethod 694 0x00007fda9cc9c250 code [0x00007fda9cc9c400, 0x00007fda9cc9c998]
Event: 0.840 Thread 0x00007fdaac0ec000  697       4       java.lang.ThreadLocal::get (38 bytes)
Event: 0.840 Thread 0x00007fdaac0f6800  698       3       org.lwjgl.system.CustomBuffer::remaining (10 bytes)
Event: 0.840 Thread 0x00007fdaac0f6800 nmethod 698 0x00007fda9cc98390 code [0x00007fda9cc984e0, 0x00007fda9cc98630]
Event: 0.841 Thread 0x00007fdaac0f8800  699  s    1       java.lang.StringBuffer::length (5 bytes)
Event: 0.841 Thread 0x00007fdaac0f6800  700       3       java.nio.charset.CoderResult::isUnderflow (13 bytes)
Event: 0.841 Thread 0x00007fdaac0f8800 nmethod 699 0x00007fda9cc97f50 code [0x00007fda9cc980a0, 0x00007fda9cc98310]
Event: 0.841 Thread 0x00007fdaac0f6800 nmethod 700 0x00007fda9cc9cc10 code [0x00007fda9cc9cd80, 0x00007fda9cc9cf30]

GC Heap History (0 events):
No events

Deoptimization events (2 events):
Event: 0.426 Thread 0x00007fdaac010000 Uncommon trap: reason=unstable_if action=reinterpret pc=0x00007fda9cb6db4c method=java.lang.String.replace(CC)Ljava/lang/String; @ 26
Event: 0.446 Thread 0x00007fdaac010000 Uncommon trap: reason=unstable_if action=reinterpret pc=0x00007fda9cb6d118 method=java.lang.String.indexOf([CII[CIII)I @ 3

Classes redefined (0 events):
No events

Internal exceptions (10 events):
Event: 0.439 Thread 0x00007fdaac010000 Exception <a 'java/security/PrivilegedActionException'> (0x00000007706f7908) thrown at [/scratch/jenkins/workspace/8-2-build-linux-x64/jdk8u361/3183/hotspot/src/share/vm/prims/jvm.cpp, line 1513]
Event: 0.459 Thread 0x00007fdaac010000 Exception <a 'sun/nio/fs/UnixException'> (0x0000000770737dc8) thrown at [/scratch/jenkins/workspace/8-2-build-linux-x64/jdk8u361/3183/hotspot/src/share/vm/prims/jni.cpp, line 710]
Event: 0.459 Thread 0x00007fdaac010000 Exception <a 'sun/nio/fs/UnixException'> (0x00000007707385f8) thrown at [/scratch/jenkins/workspace/8-2-build-linux-x64/jdk8u361/3183/hotspot/src/share/vm/prims/jni.cpp, line 710]
Event: 0.459 Thread 0x00007fdaac010000 Exception <a 'sun/nio/fs/UnixException'> (0x000000077073cf08) thrown at [/scratch/jenkins/workspace/8-2-build-linux-x64/jdk8u361/3183/hotspot/src/share/vm/prims/jni.cpp, line 710]
Event: 0.462 Thread 0x00007fdaac010000 Exception <a 'sun/nio/fs/UnixException'> (0x000000077073fda0) thrown at [/scratch/jenkins/workspace/8-2-build-linux-x64/jdk8u361/3183/hotspot/src/share/vm/prims/jni.cpp, line 710]
Event: 0.607 Thread 0x00007fdaac010000 Exception <a 'sun/nio/fs/UnixException'> (0x000000077085e2c8) thrown at [/scratch/jenkins/workspace/8-2-build-linux-x64/jdk8u361/3183/hotspot/src/share/vm/prims/jni.cpp, line 710]
Event: 0.607 Thread 0x00007fdaac010000 Exception <a 'sun/nio/fs/UnixException'> (0x000000077085eb38) thrown at [/scratch/jenkins/workspace/8-2-build-linux-x64/jdk8u361/3183/hotspot/src/share/vm/prims/jni.cpp, line 710]
Event: 0.607 Thread 0x00007fdaac010000 Exception <a 'sun/nio/fs/UnixException'> (0x0000000770863410) thrown at [/scratch/jenkins/workspace/8-2-build-linux-x64/jdk8u361/3183/hotspot/src/share/vm/prims/jni.cpp, line 710]
Event: 0.609 Thread 0x00007fdaac010000 Exception <a 'sun/nio/fs/UnixException'> (0x00000007708663e8) thrown at [/scratch/jenkins/workspace/8-2-build-linux-x64/jdk8u361/3183/hotspot/src/share/vm/prims/jni.cpp, line 710]
Event: 0.615 Thread 0x00007fdaac010000 Exception <a 'sun/nio/fs/UnixException'> (0x0000000770875e98) thrown at [/scratch/jenkins/workspace/8-2-build-linux-x64/jdk8u361/3183/hotspot/src/share/vm/prims/jni.cpp, line 710]

Events (10 events):
Event: 0.841 loading class java/text/DontCareFieldPosition$1
Event: 0.841 loading class java/text/Format$FieldDelegate
Event: 0.841 loading class java/text/Format$FieldDelegate done
Event: 0.841 loading class java/text/DontCareFieldPosition$1 done
Event: 0.841 loading class java/text/NumberFormat$Field
Event: 0.841 loading class java/text/Format$Field
Event: 0.841 loading class java/text/AttributedCharacterIterator$Attribute
Event: 0.841 loading class java/text/AttributedCharacterIterator$Attribute done
Event: 0.841 loading class java/text/Format$Field done
Event: 0.841 loading class java/text/NumberFormat$Field done


Dynamic libraries:
6cf600000-6d9780000 rw-p 00000000 00:00 0 
6d9780000-76fd00000 ---p 00000000 00:00 0 
76fd00000-774d80000 rw-p 00000000 00:00 0 
774d80000-7c0000000 ---p 00000000 00:00 0 
7c0000000-7c00e0000 rw-p 00000000 00:00 0 
7c00e0000-800000000 ---p 00000000 00:00 0 
55b1d9e00000-55b1d9e01000 r-xp 00000000 00:24 715917                     /usr/java/jre1.8.0_361-amd64/bin/java
55b1da000000-55b1da001000 r--p 00000000 00:24 715917                     /usr/java/jre1.8.0_361-amd64/bin/java
55b1da001000-55b1da002000 rw-p 00001000 00:24 715917                     /usr/java/jre1.8.0_361-amd64/bin/java
55b1da4a1000-55b1da4c2000 rw-p 00000000 00:00 0                          [heap]
7fd8e0000000-7fd8e0021000 rw-p 00000000 00:00 0 
7fd8e0021000-7fd8e4000000 ---p 00000000 00:00 0 
7fd8e8000000-7fd8e8021000 rw-p 00000000 00:00 0 
7fd8e8021000-7fd8ec000000 ---p 00000000 00:00 0 
7fd8f0000000-7fd8f0021000 rw-p 00000000 00:00 0 
7fd8f0021000-7fd8f4000000 ---p 00000000 00:00 0 
7fd8f8000000-7fd8f8021000 rw-p 00000000 00:00 0 
7fd8f8021000-7fd8fc000000 ---p 00000000 00:00 0 
7fd900000000-7fd900021000 rw-p 00000000 00:00 0 
7fd900021000-7fd904000000 ---p 00000000 00:00 0 
7fd908000000-7fd908021000 rw-p 00000000 00:00 0 
7fd908021000-7fd90c000000 ---p 00000000 00:00 0 
7fd910000000-7fd910021000 rw-p 00000000 00:00 0 
7fd910021000-7fd914000000 ---p 00000000 00:00 0 
7fd918000000-7fd918021000 rw-p 00000000 00:00 0 
7fd918021000-7fd91c000000 ---p 00000000 00:00 0 
7fd920000000-7fd920021000 rw-p 00000000 00:00 0 
7fd920021000-7fd924000000 ---p 00000000 00:00 0 
7fd928000000-7fd928021000 rw-p 00000000 00:00 0 
7fd928021000-7fd92c000000 ---p 00000000 00:00 0 
7fd930000000-7fd930021000 rw-p 00000000 00:00 0 
7fd930021000-7fd934000000 ---p 00000000 00:00 0 
7fd938000000-7fd93806a000 rw-p 00000000 00:00 0 
7fd93806a000-7fd93c000000 ---p 00000000 00:00 0 
7fd940000000-7fd940069000 rw-p 00000000 00:00 0 
7fd940069000-7fd944000000 ---p 00000000 00:00 0 
7fd948000000-7fd948067000 rw-p 00000000 00:00 0 
7fd948067000-7fd94c000000 ---p 00000000 00:00 0 
7fd950000000-7fd950069000 rw-p 00000000 00:00 0 
7fd950069000-7fd954000000 ---p 00000000 00:00 0 
7fd958000000-7fd958069000 rw-p 00000000 00:00 0 
7fd958069000-7fd95c000000 ---p 00000000 00:00 0 
7fd960000000-7fd96006a000 rw-p 00000000 00:00 0 
7fd96006a000-7fd964000000 ---p 00000000 00:00 0 
7fd968000000-7fd968077000 rw-p 00000000 00:00 0 
7fd968077000-7fd96c000000 ---p 00000000 00:00 0 
7fd970000000-7fd970021000 rw-p 00000000 00:00 0 
7fd970021000-7fd974000000 ---p 00000000 00:00 0 
7fd978000000-7fd978021000 rw-p 00000000 00:00 0 
7fd978021000-7fd97c000000 ---p 00000000 00:00 0 
7fd97da96000-7fd97e46d000 r--p 00000000 00:24 127807                     /usr/lib64/libLLVM-14.so
7fd97e46d000-7fd9815d9000 r-xp 009d7000 00:24 127807                     /usr/lib64/libLLVM-14.so
7fd9815d9000-7fd9839a0000 r--p 03b43000 00:24 127807                     /usr/lib64/libLLVM-14.so
7fd9839a0000-7fd9839a1000 ---p 05f0a000 00:24 127807                     /usr/lib64/libLLVM-14.so
7fd9839a1000-7fd983f8a000 r--p 05f0a000 00:24 127807                     /usr/lib64/libLLVM-14.so
7fd983f8a000-7fd983f8e000 rw-p 064f3000 00:24 127807                     /usr/lib64/libLLVM-14.so
7fd983f8e000-7fd984000000 rw-p 00000000 00:00 0 
7fd984000000-7fd984021000 rw-p 00000000 00:00 0 
7fd984021000-7fd988000000 ---p 00000000 00:00 0 
7fd98c000000-7fd98c021000 rw-p 00000000 00:00 0 
7fd98c021000-7fd990000000 ---p 00000000 00:00 0 
7fd994000000-7fd9940c6000 rw-p 00000000 00:00 0 
7fd9940c6000-7fd998000000 ---p 00000000 00:00 0 
7fd99c000000-7fd99c096000 rw-p 00000000 00:00 0 
7fd99c096000-7fd9a0000000 ---p 00000000 00:00 0 
7fd9a4000000-7fd9a4084000 rw-p 00000000 00:00 0 
7fd9a4084000-7fd9a8000000 ---p 00000000 00:00 0 
7fd9ac000000-7fd9ac0d6000 rw-p 00000000 00:00 0 
7fd9ac0d6000-7fd9b0000000 ---p 00000000 00:00 0 
7fd9b4000000-7fd9b4026000 rw-p 00000000 00:00 0 
7fd9b4026000-7fd9b8000000 ---p 00000000 00:00 0 
7fd9bc000000-7fd9bc021000 rw-p 00000000 00:00 0 
7fd9bc021000-7fd9c0000000 ---p 00000000 00:00 0 
7fd9c4000000-7fd9c4026000 rw-p 00000000 00:00 0 
7fd9c4026000-7fd9c8000000 ---p 00000000 00:00 0 
7fd9cc000000-7fd9cc05a000 rw-p 00000000 00:00 0 
7fd9cc05a000-7fd9d0000000 ---p 00000000 00:00 0 
7fd9d4000000-7fd9d4037000 rw-p 00000000 00:00 0 
7fd9d4037000-7fd9d8000000 ---p 00000000 00:00 0 
7fd9dc000000-7fd9dc0e6000 rw-p 00000000 00:00 0 
7fd9dc0e6000-7fd9e0000000 ---p 00000000 00:00 0 
7fd9e4000000-7fd9e4021000 rw-p 00000000 00:00 0 
7fd9e4021000-7fd9e8000000 ---p 00000000 00:00 0 
7fd9ec000000-7fd9ec0a0000 rw-p 00000000 00:00 0 
7fd9ec0a0000-7fd9f0000000 ---p 00000000 00:00 0 
7fd9f4000000-7fd9f4021000 rw-p 00000000 00:00 0 
7fd9f4021000-7fd9f8000000 ---p 00000000 00:00 0 
7fd9fc000000-7fd9fc021000 rw-p 00000000 00:00 0 
7fd9fc021000-7fda00000000 ---p 00000000 00:00 0 
7fda04000000-7fda04021000 rw-p 00000000 00:00 0 
7fda04021000-7fda08000000 ---p 00000000 00:00 0 
7fda0c000000-7fda0c021000 rw-p 00000000 00:00 0 
7fda0c021000-7fda10000000 ---p 00000000 00:00 0 
7fda14000000-7fda14021000 rw-p 00000000 00:00 0 
7fda14021000-7fda18000000 ---p 00000000 00:00 0 
7fda1c000000-7fda1c021000 rw-p 00000000 00:00 0 
7fda1c021000-7fda20000000 ---p 00000000 00:00 0 
7fda24000000-7fda24021000 rw-p 00000000 00:00 0 
7fda24021000-7fda28000000 ---p 00000000 00:00 0 
7fda2c000000-7fda2c021000 rw-p 00000000 00:00 0 
7fda2c021000-7fda30000000 ---p 00000000 00:00 0 
7fda34000000-7fda34021000 rw-p 00000000 00:00 0 
7fda34021000-7fda38000000 ---p 00000000 00:00 0 
7fda3c000000-7fda3c021000 rw-p 00000000 00:00 0 
7fda3c021000-7fda40000000 ---p 00000000 00:00 0 
7fda44000000-7fda44021000 rw-p 00000000 00:00 0 
7fda44021000-7fda48000000 ---p 00000000 00:00 0 
7fda4c000000-7fda4c021000 rw-p 00000000 00:00 0 
7fda4c021000-7fda50000000 ---p 00000000 00:00 0 
7fda54000000-7fda54021000 rw-p 00000000 00:00 0 
7fda54021000-7fda58000000 ---p 00000000 00:00 0 
7fda5ae00000-7fda62650000 rw-p 00000000 00:00 0 
7fda64000000-7fda64021000 rw-p 00000000 00:00 0 
7fda64021000-7fda68000000 ---p 00000000 00:00 0 
7fda6c000000-7fda6c021000 rw-p 00000000 00:00 0 
7fda6c021000-7fda70000000 ---p 00000000 00:00 0 
7fda70e00000-7fda70e01000 ---p 00000000 00:00 0 
7fda70e01000-7fda71601000 rw-p 00000000 00:00 0 
7fda71800000-7fda71801000 ---p 00000000 00:00 0 
7fda71801000-7fda72001000 rw-p 00000000 00:00 0 
7fda72200000-7fda72201000 ---p 00000000 00:00 0 
7fda72201000-7fda72a01000 rw-p 00000000 00:00 0 
7fda72c00000-7fda72c01000 ---p 00000000 00:00 0 
7fda72c01000-7fda73401000 rw-p 00000000 00:00 0 
7fda73600000-7fda73601000 ---p 00000000 00:00 0 
7fda73601000-7fda73e01000 rw-p 00000000 00:00 0 
7fda74000000-7fda74021000 rw-p 00000000 00:00 0 
7fda74021000-7fda78000000 ---p 00000000 00:00 0 
7fda78400000-7fda78401000 ---p 00000000 00:00 0 
7fda78401000-7fda78c01000 rw-p 00000000 00:00 0 
7fda78e00000-7fda78e01000 ---p 00000000 00:00 0 
7fda78e01000-7fda79601000 rw-p 00000000 00:00 0 
7fda79800000-7fda79801000 ---p 00000000 00:00 0 
7fda79801000-7fda7a001000 rw-p 00000000 00:00 0 
7fda7a200000-7fda7a201000 ---p 00000000 00:00 0 
7fda7a201000-7fda7aa01000 rw-p 00000000 00:00 0 
7fda7ac00000-7fda7ac01000 ---p 00000000 00:00 0 
7fda7ac01000-7fda7b401000 rw-p 00000000 00:00 0 
7fda7b600000-7fda7b601000 ---p 00000000 00:00 0 
7fda7b601000-7fda7be01000 rw-p 00000000 00:00 0 
7fda7c000000-7fda7c021000 rw-p 00000000 00:00 0 
7fda7c021000-7fda80000000 ---p 00000000 00:00 0 
7fda80400000-7fda80401000 ---p 00000000 00:00 0 
7fda80401000-7fda80c01000 rw-p 00000000 00:00 0 
7fda80e00000-7fda80e01000 ---p 00000000 00:00 0 
7fda80e01000-7fda81601000 rw-p 00000000 00:00 0 
7fda81800000-7fda81801000 ---p 00000000 00:00 0 
7fda81801000-7fda82001000 rw-p 00000000 00:00 0 
7fda82200000-7fda82201000 ---p 00000000 00:00 0 
7fda82201000-7fda82a01000 rw-p 00000000 00:00 0 
7fda82c00000-7fda82c01000 ---p 00000000 00:00 0 
7fda82c01000-7fda83401000 rw-p 00000000 00:00 0 
7fda83600000-7fda83601000 ---p 00000000 00:00 0 
7fda83601000-7fda83e01000 rw-p 00000000 00:00 0 
7fda84000000-7fda84021000 rw-p 00000000 00:00 0 
7fda84021000-7fda88000000 ---p 00000000 00:00 0 
7fda88200000-7fda88340000 rw-p 00000000 00:00 0 
7fda88340000-7fda88400000 ---p 00000000 00:00 0 
7fda88400000-7fda88600000 rw-s 110451000 00:05 587                       /dev/dri/renderD128
7fda88600000-7fda88800000 rw-s 124d07000 00:05 587                       /dev/dri/renderD128
7fda88800000-7fda88a00000 rw-s 10748b000 00:05 587                       /dev/dri/renderD128
7fda88a00000-7fda88a01000 ---p 00000000 00:00 0 
7fda88a01000-7fda89201000 rw-p 00000000 00:00 0 
7fda89400000-7fda89401000 ---p 00000000 00:00 0 
7fda89401000-7fda89c01000 rw-p 00000000 00:00 0 
7fda89e00000-7fda89e01000 ---p 00000000 00:00 0 
7fda89e01000-7fda8a601000 rw-p 00000000 00:00 0 
7fda8a716000-7fda8a7a8000 r--p 00000000 00:24 97036                      /usr/lib64/dri/radeonsi_dri.so
7fda8a7a8000-7fda8b738000 r-xp 00092000 00:24 97036                      /usr/lib64/dri/radeonsi_dri.so
7fda8b738000-7fda8bdc2000 r--p 01022000 00:24 97036                      /usr/lib64/dri/radeonsi_dri.so
7fda8bdc2000-7fda8be38000 r--p 016ab000 00:24 97036                      /usr/lib64/dri/radeonsi_dri.so
7fda8be38000-7fda8be44000 rw-p 01721000 00:24 97036                      /usr/lib64/dri/radeonsi_dri.so
7fda8be44000-7fda8c000000 rw-p 00000000 00:00 0 
7fda8c000000-7fda8c021000 rw-p 00000000 00:00 0 
7fda8c021000-7fda90000000 ---p 00000000 00:00 0 
7fda90000000-7fda90200000 rw-s 1213b7000 00:05 587                       /dev/dri/renderD128
7fda90200000-7fda91a01000 rw-p 00000000 00:00 0 
7fda91c00000-7fda91c16000 r-xp 00000000 00:24 716033                     /usr/java/jre1.8.0_361-amd64/lib/amd64/libnet.so
7fda91c16000-7fda91e15000 ---p 00016000 00:24 716033                     /usr/java/jre1.8.0_361-amd64/lib/amd64/libnet.so
7fda91e15000-7fda91e16000 r--p 00015000 00:24 716033                     /usr/java/jre1.8.0_361-amd64/lib/amd64/libnet.so
7fda91e16000-7fda91e17000 rw-p 00016000 00:24 716033                     /usr/java/jre1.8.0_361-amd64/lib/amd64/libnet.so
7fda91f73000-7fda91fa6000 r--p 00000000 00:2b 814                        /tmp/lwjgl_omenitep/3.3.3+5/x64/liblwjgl_opengl.so
7fda91fa6000-7fda91fba000 r-xp 00033000 00:2b 814                        /tmp/lwjgl_omenitep/3.3.3+5/x64/liblwjgl_opengl.so
7fda91fba000-7fda91fca000 r--p 00047000 00:2b 814                        /tmp/lwjgl_omenitep/3.3.3+5/x64/liblwjgl_opengl.so
7fda91fca000-7fda91fcb000 r--p 00056000 00:2b 814                        /tmp/lwjgl_omenitep/3.3.3+5/x64/liblwjgl_opengl.so
7fda91fcb000-7fda91fcc000 rw-p 00057000 00:2b 814                        /tmp/lwjgl_omenitep/3.3.3+5/x64/liblwjgl_opengl.so
7fda91fcc000-7fda92066000 r--p 00000000 00:24 38294                      /usr/lib64/libstdc++.so.6.0.30
7fda92066000-7fda92177000 r-xp 0009a000 00:24 38294                      /usr/lib64/libstdc++.so.6.0.30
7fda92177000-7fda921ee000 r--p 001ab000 00:24 38294                      /usr/lib64/libstdc++.so.6.0.30
7fda921ee000-7fda921ef000 ---p 00222000 00:24 38294                      /usr/lib64/libstdc++.so.6.0.30
7fda921ef000-7fda921fc000 r--p 00222000 00:24 38294                      /usr/lib64/libstdc++.so.6.0.30
7fda921fc000-7fda921fd000 rw-p 0022f000 00:24 38294                      /usr/lib64/libstdc++.so.6.0.30
7fda921fd000-7fda92200000 rw-p 00000000 00:00 0 
7fda92200000-7fda92211000 r-xp 00000000 00:24 716034                     /usr/java/jre1.8.0_361-amd64/lib/amd64/libnio.so
7fda92211000-7fda92410000 ---p 00011000 00:24 716034                     /usr/java/jre1.8.0_361-amd64/lib/amd64/libnio.so
7fda92410000-7fda92411000 r--p 00010000 00:24 716034                     /usr/java/jre1.8.0_361-amd64/lib/amd64/libnio.so
7fda92411000-7fda92412000 rw-p 00011000 00:24 716034                     /usr/java/jre1.8.0_361-amd64/lib/amd64/libnio.so
7fda9246a000-7fda925ab000 rw-s 00000000 00:24 294                        /var/home/omenitep/.cache/mesa_shader_cache/index
7fda925ab000-7fda925c7000 r--p 00000000 00:24 37934                      /usr/lib64/libX11.so.6.4.0
7fda925c7000-7fda92657000 r-xp 0001c000 00:24 37934                      /usr/lib64/libX11.so.6.4.0
7fda92657000-7fda926ec000 r--p 000ac000 00:24 37934                      /usr/lib64/libX11.so.6.4.0
7fda926ec000-7fda926ef000 r--p 00140000 00:24 37934                      /usr/lib64/libX11.so.6.4.0
7fda926ef000-7fda926f3000 rw-p 00143000 00:24 37934                      /usr/lib64/libX11.so.6.4.0
7fda926f3000-7fda926f4000 ---p 00000000 00:00 0 
7fda926f4000-7fda927f4000 rw-p 00000000 00:00 0 
7fda927f4000-7fda927f7000 ---p 00000000 00:00 0 
7fda927f7000-7fda928f4000 rw-p 00000000 00:00 0 
7fda928f4000-7fda928f5000 ---p 00000000 00:00 0 
7fda928f5000-7fda928f8000 ---p 00000000 00:00 0 
7fda928f8000-7fda929f5000 rw-p 00000000 00:00 0 
7fda929f5000-7fda929f6000 ---p 00000000 00:00 0 
7fda929f6000-7fda929f9000 ---p 00000000 00:00 0 
7fda929f9000-7fda92af6000 rw-p 00000000 00:00 0 
7fda92af6000-7fda92af7000 ---p 00000000 00:00 0 
7fda92af7000-7fda92afa000 ---p 00000000 00:00 0 
7fda92afa000-7fda92bf7000 rw-p 00000000 00:00 0 
7fda92bf7000-7fda92bf8000 ---p 00000000 00:00 0 
7fda92bf8000-7fda92bfb000 ---p 00000000 00:00 0 
7fda92bfb000-7fda92cf8000 rw-p 00000000 00:00 0 
7fda92cf8000-7fda92cf9000 ---p 00000000 00:00 0 
7fda92cf9000-7fda92cfc000 ---p 00000000 00:00 0 
7fda92cfc000-7fda92df9000 rw-p 00000000 00:00 0 
7fda92df9000-7fda92dfa000 ---p 00000000 00:00 0 
7fda92dfa000-7fda92dfd000 ---p 00000000 00:00 0 
7fda92dfd000-7fda92efa000 rw-p 00000000 00:00 0 
7fda92efa000-7fda92efb000 ---p 00000000 00:00 0 
7fda92efb000-7fda92efe000 ---p 00000000 00:00 0 
7fda92efe000-7fda92ffb000 rw-p 00000000 00:00 0 
7fda92ffb000-7fda92ffc000 ---p 00000000 00:00 0 
7fda92ffc000-7fda92fff000 ---p 00000000 00:00 0 
7fda92fff000-7fda930fc000 rw-p 00000000 00:00 0 
7fda930fc000-7fda930fd000 ---p 00000000 00:00 0 
7fda930fd000-7fda93100000 ---p 00000000 00:00 0 
7fda93100000-7fda931fd000 rw-p 00000000 00:00 0 
7fda931fd000-7fda931fe000 ---p 00000000 00:00 0 
7fda931fe000-7fda93201000 ---p 00000000 00:00 0 
7fda93201000-7fda932fe000 rw-p 00000000 00:00 0 
7fda932fe000-7fda932ff000 ---p 00000000 00:00 0 
7fda932ff000-7fda93302000 ---p 00000000 00:00 0 
7fda93302000-7fda933ff000 rw-p 00000000 00:00 0 
7fda933ff000-7fda93400000 ---p 00000000 00:00 0 
7fda93400000-7fda93403000 ---p 00000000 00:00 0 
7fda93403000-7fda93500000 rw-p 00000000 00:00 0 
7fda93500000-7fda93503000 ---p 00000000 00:00 0 
7fda93503000-7fda93600000 rw-p 00000000 00:00 0 
7fda93600000-7fda93604000 r-xp 00000000 00:24 715998                     /usr/java/jre1.8.0_361-amd64/lib/amd64/libdt_socket.so
7fda93604000-7fda93803000 ---p 00004000 00:24 715998                     /usr/java/jre1.8.0_361-amd64/lib/amd64/libdt_socket.so
7fda93803000-7fda93804000 r--p 00003000 00:24 715998                     /usr/java/jre1.8.0_361-amd64/lib/amd64/libdt_socket.so
7fda93804000-7fda93805000 rw-p 00004000 00:24 715998                     /usr/java/jre1.8.0_361-amd64/lib/amd64/libdt_socket.so
7fda93816000-7fda9381b000 r--p 00000000 00:24 5396315                    /usr/lib64/libzstd.so.1.5.5
7fda9381b000-7fda938bd000 r-xp 00005000 00:24 5396315                    /usr/lib64/libzstd.so.1.5.5
7fda938bd000-7fda938cd000 r--p 000a7000 00:24 5396315                    /usr/lib64/libzstd.so.1.5.5
7fda938cd000-7fda938ce000 r--p 000b6000 00:24 5396315                    /usr/lib64/libzstd.so.1.5.5
7fda938ce000-7fda938cf000 rw-p 00000000 00:00 0 
7fda938cf000-7fda938dd000 r--p 00000000 00:24 38305                      /usr/lib64/libtinfo.so.6.2
7fda938dd000-7fda938eb000 r-xp 0000e000 00:24 38305                      /usr/lib64/libtinfo.so.6.2
7fda938eb000-7fda938f9000 r--p 0001c000 00:24 38305                      /usr/lib64/libtinfo.so.6.2
7fda938f9000-7fda938fd000 r--p 00029000 00:24 38305                      /usr/lib64/libtinfo.so.6.2
7fda938fd000-7fda938fe000 rw-p 0002d000 00:24 38305                      /usr/lib64/libtinfo.so.6.2
7fda938fe000-7fda93901000 ---p 00000000 00:00 0 
7fda93901000-7fda939fe000 rw-p 00000000 00:00 0 
7fda939fe000-7fda93a01000 ---p 00000000 00:00 0 
7fda93a01000-7fda93afe000 rw-p 00000000 00:00 0 
7fda93afe000-7fda93b01000 ---p 00000000 00:00 0 
7fda93b01000-7fda93bfe000 rw-p 00000000 00:00 0 
7fda93bfe000-7fda93c01000 ---p 00000000 00:00 0 
7fda93c01000-7fda93cfe000 rw-p 00000000 00:00 0 
7fda93cfe000-7fda93d01000 ---p 00000000 00:00 0 
7fda93d01000-7fda93dfe000 rw-p 00000000 00:00 0 
7fda93dfe000-7fda93dff000 ---p 00000000 00:00 0 
7fda93dff000-7fda94000000 rw-p 00000000 00:00 0 
7fda94000000-7fda94021000 rw-p 00000000 00:00 0 
7fda94021000-7fda98000000 ---p 00000000 00:00 0 
7fda9802e000-7fda98037000 r--p 00000000 00:24 38019                      /usr/lib64/libedit.so.0.0.68
7fda98037000-7fda98057000 r-xp 00009000 00:24 38019                      /usr/lib64/libedit.so.0.0.68
7fda98057000-7fda98065000 r--p 00029000 00:24 38019                      /usr/lib64/libedit.so.0.0.68
7fda98065000-7fda98067000 r--p 00036000 00:24 38019                      /usr/lib64/libedit.so.0.0.68
7fda98067000-7fda98068000 rw-p 00038000 00:24 38019                      /usr/lib64/libedit.so.0.0.68
7fda98068000-7fda9806b000 rw-p 00000000 00:00 0 
7fda9806b000-7fda98080000 r--p 00000000 00:24 61828                      /usr/lib64/libvulkan.so.1.3.204
7fda98080000-7fda980b8000 r-xp 00015000 00:24 61828                      /usr/lib64/libvulkan.so.1.3.204
7fda980b8000-7fda980d8000 r--p 0004d000 00:24 61828                      /usr/lib64/libvulkan.so.1.3.204
7fda980d8000-7fda980d9000 ---p 0006d000 00:24 61828                      /usr/lib64/libvulkan.so.1.3.204
7fda980d9000-7fda980dc000 r--p 0006d000 00:24 61828                      /usr/lib64/libvulkan.so.1.3.204
7fda980dc000-7fda980dd000 rw-p 00070000 00:24 61828                      /usr/lib64/libvulkan.so.1.3.204
7fda980dd000-7fda9ac00000 rw-p 00000000 00:00 0 
7fda9ac03000-7fda9ac06000 r--p 00000000 00:24 60571                      /usr/lib64/libpciaccess.so.0.11.1
7fda9ac06000-7fda9ac0b000 r-xp 00003000 00:24 60571                      /usr/lib64/libpciaccess.so.0.11.1
7fda9ac0b000-7fda9ac0d000 r--p 00008000 00:24 60571                      /usr/lib64/libpciaccess.so.0.11.1
7fda9ac0d000-7fda9ac0e000 r--p 00009000 00:24 60571                      /usr/lib64/libpciaccess.so.0.11.1
7fda9ac0e000-7fda9ac0f000 rw-p 00000000 00:00 0 
7fda9ac0f000-7fda9ac11000 r--p 00000000 00:24 38041                      /usr/lib64/libffi.so.8.1.0
7fda9ac11000-7fda9ac17000 r-xp 00002000 00:24 38041                      /usr/lib64/libffi.so.8.1.0
7fda9ac17000-7fda9ac18000 r--p 00008000 00:24 38041                      /usr/lib64/libffi.so.8.1.0
7fda9ac18000-7fda9ac19000 ---p 00009000 00:24 38041                      /usr/lib64/libffi.so.8.1.0
7fda9ac19000-7fda9ac1a000 r--p 00009000 00:24 38041                      /usr/lib64/libffi.so.8.1.0
7fda9ac1a000-7fda9ac1b000 rw-p 0000a000 00:24 38041                      /usr/lib64/libffi.so.8.1.0
7fda9ac1b000-7fda9ac1e000 r--p 00000000 00:24 38054                      /usr/lib64/libgcc_s-12-20221121.so.1
7fda9ac1e000-7fda9ac35000 r-xp 00003000 00:24 38054                      /usr/lib64/libgcc_s-12-20221121.so.1
7fda9ac35000-7fda9ac39000 r--p 0001a000 00:24 38054                      /usr/lib64/libgcc_s-12-20221121.so.1
7fda9ac39000-7fda9ac3a000 r--p 0001d000 00:24 38054                      /usr/lib64/libgcc_s-12-20221121.so.1
7fda9ac3a000-7fda9ac3b000 rw-p 00000000 00:00 0 
7fda9ac3b000-7fda9ac3e000 r--p 00000000 00:24 60591                      /usr/lib64/libdrm_intel.so.1.0.0
7fda9ac3e000-7fda9ac55000 r-xp 00003000 00:24 60591                      /usr/lib64/libdrm_intel.so.1.0.0
7fda9ac55000-7fda9ac5f000 r--p 0001a000 00:24 60591                      /usr/lib64/libdrm_intel.so.1.0.0
7fda9ac5f000-7fda9ac60000 ---p 00024000 00:24 60591                      /usr/lib64/libdrm_intel.so.1.0.0
7fda9ac60000-7fda9ac61000 r--p 00024000 00:24 60591                      /usr/lib64/libdrm_intel.so.1.0.0
7fda9ac61000-7fda9ac62000 rw-p 00025000 00:24 60591                      /usr/lib64/libdrm_intel.so.1.0.0
7fda9ac62000-7fda9ac65000 r--p 00000000 00:24 38232                      /usr/lib64/libpcre2-8.so.0.11.0
7fda9ac65000-7fda9acd1000 r-xp 00003000 00:24 38232                      /usr/lib64/libpcre2-8.so.0.11.0
7fda9acd1000-7fda9acfc000 r--p 0006f000 00:24 38232                      /usr/lib64/libpcre2-8.so.0.11.0
7fda9acfc000-7fda9acfd000 ---p 0009a000 00:24 38232                      /usr/lib64/libpcre2-8.so.0.11.0
7fda9acfd000-7fda9acfe000 r--p 0009a000 00:24 38232                      /usr/lib64/libpcre2-8.so.0.11.0
7fda9acfe000-7fda9acff000 rw-p 0009b000 00:24 38232                      /usr/lib64/libpcre2-8.so.0.11.0
7fda9acff000-7fda9b585000 rw-p 00000000 00:00 0 
7fda9b585000-7fda9b587000 r--p 00000000 00:24 60593                      /usr/lib64/libdrm_nouveau.so.2.0.0
7fda9b587000-7fda9b58c000 r-xp 00002000 00:24 60593                      /usr/lib64/libdrm_nouveau.so.2.0.0
7fda9b58c000-7fda9b58e000 r--p 00007000 00:24 60593                      /usr/lib64/libdrm_nouveau.so.2.0.0
7fda9b58e000-7fda9b58f000 r--p 00008000 00:24 60593                      /usr/lib64/libdrm_nouveau.so.2.0.0
7fda9b58f000-7fda9b590000 rw-p 00000000 00:00 0 
7fda9b590000-7fda9b593000 r--p 00000000 00:24 5396320                    /usr/lib64/libelf-0.189.so
7fda9b593000-7fda9b5a5000 r-xp 00003000 00:24 5396320                    /usr/lib64/libelf-0.189.so
7fda9b5a5000-7fda9b5a9000 r--p 00015000 00:24 5396320                    /usr/lib64/libelf-0.189.so
7fda9b5a9000-7fda9b5aa000 ---p 00019000 00:24 5396320                    /usr/lib64/libelf-0.189.so
7fda9b5aa000-7fda9b5ab000 r--p 00019000 00:24 5396320                    /usr/lib64/libelf-0.189.so
7fda9b5ab000-7fda9b5ac000 rw-p 00000000 00:00 0 
7fda9b5ac000-7fda9b5ae000 r--p 00000000 00:24 60595                      /usr/lib64/libdrm_radeon.so.1.0.1
7fda9b5ae000-7fda9b5b4000 r-xp 00002000 00:24 60595                      /usr/lib64/libdrm_radeon.so.1.0.1
7fda9b5b4000-7fda9b5b8000 r--p 00008000 00:24 60595                      /usr/lib64/libdrm_radeon.so.1.0.1
7fda9b5b8000-7fda9b5b9000 r--p 0000b000 00:24 60595                      /usr/lib64/libdrm_radeon.so.1.0.1
7fda9b5b9000-7fda9b5ba000 rw-p 00000000 00:00 0 
7fda9b5ba000-7fda9b5bd000 r--p 00000000 00:24 38408                      /usr/lib64/libz.so.1.2.11
7fda9b5bd000-7fda9b5cb000 r-xp 00003000 00:24 38408                      /usr/lib64/libz.so.1.2.11
7fda9b5cb000-7fda9b5d1000 r--p 00011000 00:24 38408                      /usr/lib64/libz.so.1.2.11
7fda9b5d1000-7fda9b5d2000 ---p 00017000 00:24 38408                      /usr/lib64/libz.so.1.2.11
7fda9b5d2000-7fda9b5d3000 r--p 00017000 00:24 38408                      /usr/lib64/libz.so.1.2.11
7fda9b5d3000-7fda9b5d4000 rw-p 00000000 00:00 0 
7fda9b5d4000-7fda9b5da000 r--p 00000000 00:24 38277                      /usr/lib64/libselinux.so.1
7fda9b5da000-7fda9b5f4000 r-xp 00006000 00:24 38277                      /usr/lib64/libselinux.so.1
7fda9b5f4000-7fda9b5fb000 r--p 00020000 00:24 38277                      /usr/lib64/libselinux.so.1
7fda9b5fb000-7fda9b5fc000 ---p 00027000 00:24 38277                      /usr/lib64/libselinux.so.1
7fda9b5fc000-7fda9b5fd000 r--p 00027000 00:24 38277                      /usr/lib64/libselinux.so.1
7fda9b5fd000-7fda9b5fe000 rw-p 00028000 00:24 38277                      /usr/lib64/libselinux.so.1
7fda9b5fe000-7fda9b651000 rw-p 00000000 00:00 0 
7fda9b651000-7fda9bb04000 ---p 00000000 00:00 0 
7fda9bb04000-7fda9bb07000 r--p 00000000 00:24 60589                      /usr/lib64/libdrm_amdgpu.so.1.0.0
7fda9bb07000-7fda9bb0d000 r-xp 00003000 00:24 60589                      /usr/lib64/libdrm_amdgpu.so.1.0.0
7fda9bb0d000-7fda9bb0f000 r--p 00009000 00:24 60589                      /usr/lib64/libdrm_amdgpu.so.1.0.0
7fda9bb0f000-7fda9bb10000 r--p 0000a000 00:24 60589                      /usr/lib64/libdrm_amdgpu.so.1.0.0
7fda9bb10000-7fda9bb11000 rw-p 00000000 00:00 0 
7fda9bb11000-7fda9bb14000 r--p 00000000 00:24 38376                      /usr/lib64/libxcb-xfixes.so.0.0.0
7fda9bb14000-7fda9bb17000 r-xp 00003000 00:24 38376                      /usr/lib64/libxcb-xfixes.so.0.0.0
7fda9bb17000-7fda9bb18000 r--p 00006000 00:24 38376                      /usr/lib64/libxcb-xfixes.so.0.0.0
7fda9bb18000-7fda9bb19000 ---p 00007000 00:24 38376                      /usr/lib64/libxcb-xfixes.so.0.0.0
7fda9bb19000-7fda9bb1a000 r--p 00007000 00:24 38376                      /usr/lib64/libxcb-xfixes.so.0.0.0
7fda9bb1a000-7fda9bb1b000 rw-p 00008000 00:24 38376                      /usr/lib64/libxcb-xfixes.so.0.0.0
7fda9bb1b000-7fda9bb1f000 r--p 00000000 00:24 38035                      /usr/lib64/libexpat.so.1.8.10
7fda9bb1f000-7fda9bb3b000 r-xp 00004000 00:24 38035                      /usr/lib64/libexpat.so.1.8.10
7fda9bb3b000-7fda9bb43000 r--p 00020000 00:24 38035                      /usr/lib64/libexpat.so.1.8.10
7fda9bb43000-7fda9bb44000 ---p 00028000 00:24 38035                      /usr/lib64/libexpat.so.1.8.10
7fda9bb44000-7fda9bb46000 r--p 00028000 00:24 38035                      /usr/lib64/libexpat.so.1.8.10
7fda9bb46000-7fda9bb47000 rw-p 00000000 00:00 0 
7fda9bb47000-7fda9bb88000 r--p 00000000 00:24 96829                      /usr/lib64/libGLdispatch.so.0.0.0
7fda9bb88000-7fda9bbc7000 r-xp 00041000 00:24 96829                      /usr/lib64/libGLdispatch.so.0.0.0
7fda9bbc7000-7fda9bbda000 r--p 00080000 00:24 96829                      /usr/lib64/libGLdispatch.so.0.0.0
7fda9bbda000-7fda9bbdb000 ---p 00093000 00:24 96829                      /usr/lib64/libGLdispatch.so.0.0.0
7fda9bbdb000-7fda9bbf7000 r--p 00093000 00:24 96829                      /usr/lib64/libGLdispatch.so.0.0.0
7fda9bbf7000-7fda9bbf8000 rw-p 000af000 00:24 96829                      /usr/lib64/libGLdispatch.so.0.0.0
7fda9bbf8000-7fda9bc51000 rw-p 00000000 00:00 0 
7fda9bc51000-7fda9c103000 ---p 00000000 00:00 0 
7fda9c103000-7fda9c12c000 rw-p 00000000 00:00 0 
7fda9c12c000-7fda9c385000 ---p 00000000 00:00 0 
7fda9c385000-7fda9c386000 rw-p 00000000 00:00 0 
7fda9c38e000-7fda9c3a7000 r--p 00000000 00:24 97563                      /usr/lib64/libGLX_mesa.so.0.0.0
7fda9c3a7000-7fda9c3e6000 r-xp 00019000 00:24 97563                      /usr/lib64/libGLX_mesa.so.0.0.0
7fda9c3e6000-7fda9c3fc000 r--p 00058000 00:24 97563                      /usr/lib64/libGLX_mesa.so.0.0.0
7fda9c3fc000-7fda9c3ff000 r--p 0006d000 00:24 97563                      /usr/lib64/libGLX_mesa.so.0.0.0
7fda9c3ff000-7fda9c400000 rw-p 00070000 00:24 97563                      /usr/lib64/libGLX_mesa.so.0.0.0
7fda9c400000-7fda9c413000 rw-p 00000000 00:00 0 
7fda9c413000-7fda9c7c0000 ---p 00000000 00:00 0 
7fda9c7c2000-7fda9c7c3000 r--p 00000000 00:24 61597                      /usr/lib64/libxshmfence.so.1.0.0
7fda9c7c3000-7fda9c7c4000 r-xp 00001000 00:24 61597                      /usr/lib64/libxshmfence.so.1.0.0
7fda9c7c4000-7fda9c7c5000 r--p 00002000 00:24 61597                      /usr/lib64/libxshmfence.so.1.0.0
7fda9c7c5000-7fda9c7c6000 r--p 00002000 00:24 61597                      /usr/lib64/libxshmfence.so.1.0.0
7fda9c7c6000-7fda9c7c7000 rw-p 00000000 00:00 0 
7fda9c7c7000-7fda9c7ca000 r--p 00000000 00:24 38374                      /usr/lib64/libxcb-sync.so.1.0.0
7fda9c7ca000-7fda9c7cd000 r-xp 00003000 00:24 38374                      /usr/lib64/libxcb-sync.so.1.0.0
7fda9c7cd000-7fda9c7ce000 r--p 00006000 00:24 38374                      /usr/lib64/libxcb-sync.so.1.0.0
7fda9c7ce000-7fda9c7cf000 ---p 00007000 00:24 38374                      /usr/lib64/libxcb-sync.so.1.0.0
7fda9c7cf000-7fda9c7d0000 r--p 00007000 00:24 38374                      /usr/lib64/libxcb-sync.so.1.0.0
7fda9c7d0000-7fda9c7d1000 rw-p 00008000 00:24 38374                      /usr/lib64/libxcb-sync.so.1.0.0
7fda9c7d1000-7fda9c7d2000 r--p 00000000 00:24 38359                      /usr/lib64/libxcb-present.so.0.0.0
7fda9c7d2000-7fda9c7d3000 r-xp 00001000 00:24 38359                      /usr/lib64/libxcb-present.so.0.0.0
7fda9c7d3000-7fda9c7d4000 r--p 00002000 00:24 38359                      /usr/lib64/libxcb-present.so.0.0.0
7fda9c7d4000-7fda9c7d5000 r--p 00002000 00:24 38359                      /usr/lib64/libxcb-present.so.0.0.0
7fda9c7d5000-7fda9c7d6000 rw-p 00003000 00:24 38359                      /usr/lib64/libxcb-present.so.0.0.0
7fda9c7d6000-7fda9c7d8000 r--p 00000000 00:24 38356                      /usr/lib64/libxcb-dri3.so.0.0.0
7fda9c7d8000-7fda9c7da000 r-xp 00002000 00:24 38356                      /usr/lib64/libxcb-dri3.so.0.0.0
7fda9c7da000-7fda9c7db000 r--p 00004000 00:24 38356                      /usr/lib64/libxcb-dri3.so.0.0.0
7fda9c7db000-7fda9c7dc000 r--p 00004000 00:24 38356                      /usr/lib64/libxcb-dri3.so.0.0.0
7fda9c7dc000-7fda9c7dd000 rw-p 00005000 00:24 38356                      /usr/lib64/libxcb-dri3.so.0.0.0
7fda9c7dd000-7fda9c7de000 r--p 00000000 00:24 38373                      /usr/lib64/libxcb-shm.so.0.0.0
7fda9c7de000-7fda9c7df000 r-xp 00001000 00:24 38373                      /usr/lib64/libxcb-shm.so.0.0.0
7fda9c7df000-7fda9c7e0000 r--p 00002000 00:24 38373                      /usr/lib64/libxcb-shm.so.0.0.0
7fda9c7e0000-7fda9c7e1000 r--p 00002000 00:24 38373                      /usr/lib64/libxcb-shm.so.0.0.0
7fda9c7e1000-7fda9c7e2000 rw-p 00003000 00:24 38373                      /usr/lib64/libxcb-shm.so.0.0.0
7fda9c7e2000-7fda9c7ed000 r--p 00000000 00:24 38358                      /usr/lib64/libxcb-glx.so.0.0.0
7fda9c7ed000-7fda9c7f7000 r-xp 0000b000 00:24 38358                      /usr/lib64/libxcb-glx.so.0.0.0
7fda9c7f7000-7fda9c7fc000 r--p 00015000 00:24 38358                      /usr/lib64/libxcb-glx.so.0.0.0
7fda9c7fc000-7fda9c7fd000 ---p 0001a000 00:24 38358                      /usr/lib64/libxcb-glx.so.0.0.0
7fda9c7fd000-7fda9c7ff000 r--p 0001a000 00:24 38358                      /usr/lib64/libxcb-glx.so.0.0.0
7fda9c7ff000-7fda9c800000 rw-p 0001c000 00:24 38358                      /usr/lib64/libxcb-glx.so.0.0.0
7fda9c800000-7fda9ccb0000 rwxp 00000000 00:00 0 
7fda9ccb0000-7fdaab800000 ---p 00000000 00:00 0 
7fdaab801000-7fdaab803000 r--p 00000000 00:24 38355                      /usr/lib64/libxcb-dri2.so.0.0.0
7fdaab803000-7fdaab805000 r-xp 00002000 00:24 38355                      /usr/lib64/libxcb-dri2.so.0.0.0
7fdaab805000-7fdaab806000 r--p 00004000 00:24 38355                      /usr/lib64/libxcb-dri2.so.0.0.0
7fdaab806000-7fdaab807000 r--p 00004000 00:24 38355                      /usr/lib64/libxcb-dri2.so.0.0.0
7fdaab807000-7fdaab808000 rw-p 00005000 00:24 38355                      /usr/lib64/libxcb-dri2.so.0.0.0
7fdaab808000-7fdaab815000 r--p 00000000 00:24 96825                      /usr/lib64/libglapi.so.0.0.0
7fdaab815000-7fdaab823000 r-xp 0000d000 00:24 96825                      /usr/lib64/libglapi.so.0.0.0
7fdaab823000-7fdaab83c000 r--p 0001b000 00:24 96825                      /usr/lib64/libglapi.so.0.0.0
7fdaab83c000-7fdaab83d000 ---p 00034000 00:24 96825                      /usr/lib64/libglapi.so.0.0.0
7fdaab83d000-7fdaab841000 r--p 00034000 00:24 96825                      /usr/lib64/libglapi.so.0.0.0
7fdaab841000-7fdaab842000 rw-p 00038000 00:24 96825                      /usr/lib64/libglapi.so.0.0.0
7fdaab842000-7fdaab843000 rw-p 00000000 00:00 0 
7fdaab843000-7fdaab846000 r--p 00000000 00:24 97559                      /usr/lib64/libGLX.so.0.0.0
7fdaab846000-7fdaab860000 r-xp 00003000 00:24 97559                      /usr/lib64/libGLX.so.0.0.0
7fdaab860000-7fdaab863000 r--p 0001d000 00:24 97559                      /usr/lib64/libGLX.so.0.0.0
7fdaab863000-7fdaab864000 r--p 0001f000 00:24 97559                      /usr/lib64/libGLX.so.0.0.0
7fdaab864000-7fdaab865000 rw-p 00020000 00:24 97559                      /usr/lib64/libGLX.so.0.0.0
7fdaab865000-7fdaab875000 rw-p 00000000 00:00 0 
7fdaab875000-7fdaab883000 r--p 00000000 00:2b 813                        /tmp/lwjgl_omenitep/3.3.3+5/x64/libglfw.so
7fdaab883000-7fdaab8a2000 r-xp 0000e000 00:2b 813                        /tmp/lwjgl_omenitep/3.3.3+5/x64/libglfw.so
7fdaab8a2000-7fdaab8d5000 r--p 0002d000 00:2b 813                        /tmp/lwjgl_omenitep/3.3.3+5/x64/libglfw.so
7fdaab8d5000-7fdaab8d6000 ---p 00060000 00:2b 813                        /tmp/lwjgl_omenitep/3.3.3+5/x64/libglfw.so
7fdaab8d6000-7fdaab8d9000 r--p 00060000 00:2b 813                        /tmp/lwjgl_omenitep/3.3.3+5/x64/libglfw.so
7fdaab8d9000-7fdaab8dc000 rw-p 00063000 00:2b 813                        /tmp/lwjgl_omenitep/3.3.3+5/x64/libglfw.so
7fdaab8dc000-7fdaaba00000 rw-p 00000000 00:00 0 
7fdaaba00000-7fdaaba1b000 r-xp 00000000 00:24 716047                     /usr/java/jre1.8.0_361-amd64/lib/amd64/libzip.so
7fdaaba1b000-7fdaabc1a000 ---p 0001b000 00:24 716047                     /usr/java/jre1.8.0_361-amd64/lib/amd64/libzip.so
7fdaabc1a000-7fdaabc1b000 r--p 0001a000 00:24 716047                     /usr/java/jre1.8.0_361-amd64/lib/amd64/libzip.so
7fdaabc1b000-7fdaabc1c000 rw-p 0001b000 00:24 716047                     /usr/java/jre1.8.0_361-amd64/lib/amd64/libzip.so
7fdaabc1c000-7fdaabc21000 r--p 00000000 00:24 60587                      /usr/lib64/libdrm.so.2.4.0
7fdaabc21000-7fdaabc2d000 r-xp 00005000 00:24 60587                      /usr/lib64/libdrm.so.2.4.0
7fdaabc2d000-7fdaabc31000 r--p 00011000 00:24 60587                      /usr/lib64/libdrm.so.2.4.0
7fdaabc31000-7fdaabc32000 ---p 00015000 00:24 60587                      /usr/lib64/libdrm.so.2.4.0
7fdaabc32000-7fdaabc33000 r--p 00015000 00:24 60587                      /usr/lib64/libdrm.so.2.4.0
7fdaabc33000-7fdaabc34000 rw-p 00000000 00:00 0 
7fdaabc34000-7fdaabc37000 r--p 00000000 00:24 60333                      /usr/lib64/libXcursor.so.1.0.2
7fdaabc37000-7fdaabc3d000 r-xp 00003000 00:24 60333                      /usr/lib64/libXcursor.so.1.0.2
7fdaabc3d000-7fdaabc3f000 r--p 00009000 00:24 60333                      /usr/lib64/libXcursor.so.1.0.2
7fdaabc3f000-7fdaabc40000 r--p 0000a000 00:24 60333                      /usr/lib64/libXcursor.so.1.0.2
7fdaabc40000-7fdaabc41000 rw-p 00000000 00:00 0 
7fdaabc41000-7fdaabc43000 r--p 00000000 00:24 54579                      /usr/lib64/libXrender.so.1.3.0
7fdaabc43000-7fdaabc4a000 r-xp 00002000 00:24 54579                      /usr/lib64/libXrender.so.1.3.0
7fdaabc4a000-7fdaabc4c000 r--p 00009000 00:24 54579                      /usr/lib64/libXrender.so.1.3.0
7fdaabc4c000-7fdaabc4d000 r--p 0000a000 00:24 54579                      /usr/lib64/libXrender.so.1.3.0
7fdaabc4d000-7fdaabc4e000 rw-p 0000b000 00:24 54579                      /usr/lib64/libXrender.so.1.3.0
7fdaabc4e000-7fdaabc50000 r--p 00000000 00:24 60229                      /usr/lib64/libXrandr.so.2.2.0
7fdaabc50000-7fdaabc57000 r-xp 00002000 00:24 60229                      /usr/lib64/libXrandr.so.2.2.0
7fdaabc57000-7fdaabc59000 r--p 00009000 00:24 60229                      /usr/lib64/libXrandr.so.2.2.0
7fdaabc59000-7fdaabc5a000 r--p 0000a000 00:24 60229                      /usr/lib64/libXrandr.so.2.2.0
7fdaabc5a000-7fdaabc5b000 rw-p 0000b000 00:24 60229                      /usr/lib64/libXrandr.so.2.2.0
7fdaabc5b000-7fdaabc67000 r--p 00000000 00:24 38390                      /usr/lib64/libxcb.so.1.1.0
7fdaabc67000-7fdaabc7c000 r-xp 0000c000 00:24 38390                      /usr/lib64/libxcb.so.1.1.0
7fdaabc7c000-7fdaabc85000 r--p 00021000 00:24 38390                      /usr/lib64/libxcb.so.1.1.0
7fdaabc85000-7fdaabc86000 r--p 00029000 00:24 38390                      /usr/lib64/libxcb.so.1.1.0
7fdaabc86000-7fdaabc87000 rw-p 0002a000 00:24 38390                      /usr/lib64/libxcb.so.1.1.0
7fdaabc87000-7fdaabcb0000 r--p 00000000 00:2b 812                        /tmp/lwjgl_omenitep/3.3.3+5/x64/liblwjgl.so
7fdaabcb0000-7fdaabce2000 r-xp 00029000 00:2b 812                        /tmp/lwjgl_omenitep/3.3.3+5/x64/liblwjgl.so
7fdaabce2000-7fdaabcfb000 r--p 0005b000 00:2b 812                        /tmp/lwjgl_omenitep/3.3.3+5/x64/liblwjgl.so
7fdaabcfb000-7fdaabcfc000 r--p 00073000 00:2b 812                        /tmp/lwjgl_omenitep/3.3.3+5/x64/liblwjgl.so
7fdaabcfc000-7fdaabcfd000 rw-p 00074000 00:2b 812                        /tmp/lwjgl_omenitep/3.3.3+5/x64/liblwjgl.so
7fdaabcfd000-7fdaac000000 rw-p 00000000 00:00 0 
7fdaac000000-7fdaad216000 rw-p 00000000 00:00 0 
7fdaad216000-7fdab0000000 ---p 00000000 00:00 0 
7fdab0004000-7fdab0005000 r--p 00000000 00:24 61821                      /usr/lib64/libX11-xcb.so.1.0.0
7fdab0005000-7fdab0006000 r-xp 00001000 00:24 61821                      /usr/lib64/libX11-xcb.so.1.0.0
7fdab0006000-7fdab0007000 r--p 00002000 00:24 61821                      /usr/lib64/libX11-xcb.so.1.0.0
7fdab0007000-7fdab0008000 r--p 00002000 00:24 61821                      /usr/lib64/libX11-xcb.so.1.0.0
7fdab0008000-7fdab0009000 rw-p 00000000 00:00 0 
7fdab0009000-7fdab000c000 r--p 00000000 00:24 53727                      /usr/lib64/libXi.so.6.1.0
7fdab000c000-7fdab0018000 r-xp 00003000 00:24 53727                      /usr/lib64/libXi.so.6.1.0
7fdab0018000-7fdab001b000 r--p 0000f000 00:24 53727                      /usr/lib64/libXi.so.6.1.0
7fdab001b000-7fdab001c000 r--p 00011000 00:24 53727                      /usr/lib64/libXi.so.6.1.0
7fdab001c000-7fdab001d000 rw-p 00012000 00:24 53727                      /usr/lib64/libXi.so.6.1.0
7fdab001d000-7fdab011e000 rw-p 00000000 00:00 0 
7fdab011e000-7fdab02ff000 r--s 03586000 00:24 716357                     /usr/java/jre1.8.0_361-amd64/lib/rt.jar
7fdab02ff000-7fdab0300000 ---p 00000000 00:00 0 
7fdab0300000-7fdab0400000 rw-p 00000000 00:00 0 
7fdab0400000-7fdab0402000 r-xp 00000000 00:24 716035                     /usr/java/jre1.8.0_361-amd64/lib/amd64/libnpt.so
7fdab0402000-7fdab0602000 ---p 00002000 00:24 716035                     /usr/java/jre1.8.0_361-amd64/lib/amd64/libnpt.so
7fdab0602000-7fdab0603000 r--p 00002000 00:24 716035                     /usr/java/jre1.8.0_361-amd64/lib/amd64/libnpt.so
7fdab0603000-7fdab0604000 rw-p 00003000 00:24 716035                     /usr/java/jre1.8.0_361-amd64/lib/amd64/libnpt.so
7fdab0607000-7fdab0608000 r--p 00000000 00:24 61759                      /usr/lib64/libXinerama.so.1.0.0
7fdab0608000-7fdab0609000 r-xp 00001000 00:24 61759                      /usr/lib64/libXinerama.so.1.0.0
7fdab0609000-7fdab060a000 r--p 00002000 00:24 61759                      /usr/lib64/libXinerama.so.1.0.0
7fdab060a000-7fdab060b000 r--p 00002000 00:24 61759                      /usr/lib64/libXinerama.so.1.0.0
7fdab060b000-7fdab060c000 rw-p 00003000 00:24 61759                      /usr/lib64/libXinerama.so.1.0.0
7fdab060c000-7fdab0610000 r--p 00000000 00:24 37940                      /usr/lib64/libXext.so.6.4.0
7fdab0610000-7fdab061b000 r-xp 00004000 00:24 37940                      /usr/lib64/libXext.so.6.4.0
7fdab061b000-7fdab061f000 r--p 0000f000 00:24 37940                      /usr/lib64/libXext.so.6.4.0
7fdab061f000-7fdab0620000 r--p 00012000 00:24 37940                      /usr/lib64/libXext.so.6.4.0
7fdab0620000-7fdab0621000 rw-p 00013000 00:24 37940                      /usr/lib64/libXext.so.6.4.0
7fdab0635000-7fdab0636000 r-xp 00059000 00:2b 812                        /tmp/lwjgl_omenitep/3.3.3+5/x64/liblwjgl.so
7fdab0636000-7fdab06fd000 rw-p 00000000 00:00 0 
7fdab06fd000-7fdab06fe000 ---p 00000000 00:00 0 
7fdab06fe000-7fdab07fe000 rw-p 00000000 00:00 0 
7fdab07fe000-7fdab07ff000 ---p 00000000 00:00 0 
7fdab07ff000-7fdab08ff000 rw-p 00000000 00:00 0 
7fdab08ff000-7fdab0900000 ---p 00000000 00:00 0 
7fdab0900000-7fdab0a00000 rw-p 00000000 00:00 0 
7fdab0a00000-7fdab0a3a000 r-xp 00000000 00:24 716019                     /usr/java/jre1.8.0_361-amd64/lib/amd64/libjdwp.so
7fdab0a3a000-7fdab0c39000 ---p 0003a000 00:24 716019                     /usr/java/jre1.8.0_361-amd64/lib/amd64/libjdwp.so
7fdab0c39000-7fdab0c3a000 r--p 00039000 00:24 716019                     /usr/java/jre1.8.0_361-amd64/lib/amd64/libjdwp.so
7fdab0c3a000-7fdab0c3b000 rw-p 0003a000 00:24 716019                     /usr/java/jre1.8.0_361-amd64/lib/amd64/libjdwp.so
7fdab0c3b000-7fdab0c3c000 rw-p 00000000 00:00 0 
7fdab0c3c000-7fdab0c3d000 rw-s 00000000 00:01 10262                      /memfd:xshmfence (deleted)
7fdab0c3d000-7fdab0c3e000 rwxp 00000000 00:00 0 
7fdab0c3e000-7fdab0c40000 r--p 00000000 00:24 60006                      /usr/lib64/libXfixes.so.3.1.0
7fdab0c40000-7fdab0c43000 r-xp 00002000 00:24 60006                      /usr/lib64/libXfixes.so.3.1.0
7fdab0c43000-7fdab0c44000 r--p 00005000 00:24 60006                      /usr/lib64/libXfixes.so.3.1.0
7fdab0c44000-7fdab0c45000 ---p 00006000 00:24 60006                      /usr/lib64/libXfixes.so.3.1.0
7fdab0c45000-7fdab0c46000 r--p 00006000 00:24 60006                      /usr/lib64/libXfixes.so.3.1.0
7fdab0c46000-7fdab0c47000 rw-p 00007000 00:24 60006                      /usr/lib64/libXfixes.so.3.1.0
7fdab0c47000-7fdab0c58000 r--s 001a4000 00:24 716362                     /usr/java/jre1.8.0_361-amd64/lib/jsse.jar
7fdab0c58000-7fdab0cfd000 rw-p 00000000 00:00 0 
7fdab0cfd000-7fdab0cfe000 ---p 00000000 00:00 0 
7fdab0cfe000-7fdab0dfe000 rw-p 00000000 00:00 0 
7fdab0dfe000-7fdab0dff000 ---p 00000000 00:00 0 
7fdab0dff000-7fdab0eff000 rw-p 00000000 00:00 0 
7fdab0eff000-7fdab0f00000 ---p 00000000 00:00 0 
7fdab0f00000-7fdab1000000 rw-p 00000000 00:00 0 
7fdab1000000-7fdab102c000 r-xp 00000000 00:24 716012                     /usr/java/jre1.8.0_361-amd64/lib/amd64/libjava.so
7fdab102c000-7fdab122c000 ---p 0002c000 00:24 716012                     /usr/java/jre1.8.0_361-amd64/lib/amd64/libjava.so
7fdab122c000-7fdab122d000 r--p 0002c000 00:24 716012                     /usr/java/jre1.8.0_361-amd64/lib/amd64/libjava.so
7fdab122d000-7fdab122f000 rw-p 0002d000 00:24 716012                     /usr/java/jre1.8.0_361-amd64/lib/amd64/libjava.so
7fdab122f000-7fdab1230000 rw-s 10bbe2000 00:05 587                       /dev/dri/renderD128
7fdab1230000-7fdab1231000 r--p 00000000 00:24 97550                      /usr/lib64/libXxf86vm.so.1.0.0
7fdab1231000-7fdab1234000 r-xp 00001000 00:24 97550                      /usr/lib64/libXxf86vm.so.1.0.0
7fdab1234000-7fdab1235000 r--p 00004000 00:24 97550                      /usr/lib64/libXxf86vm.so.1.0.0
7fdab1235000-7fdab1236000 r--p 00004000 00:24 97550                      /usr/lib64/libXxf86vm.so.1.0.0
7fdab1236000-7fdab1237000 rw-p 00005000 00:24 97550                      /usr/lib64/libXxf86vm.so.1.0.0
7fdab1237000-7fdab1238000 r--p 00000000 00:24 37935                      /usr/lib64/libXau.so.6.0.0
7fdab1238000-7fdab123a000 r-xp 00001000 00:24 37935                      /usr/lib64/libXau.so.6.0.0
7fdab123a000-7fdab123b000 r--p 00003000 00:24 37935                      /usr/lib64/libXau.so.6.0.0
7fdab123b000-7fdab123c000 r--p 00003000 00:24 37935                      /usr/lib64/libXau.so.6.0.0
7fdab123c000-7fdab123d000 rw-p 00000000 00:00 0 
7fdab123d000-7fdab1249000 r--s 000d7000 00:24 12392974                   /var/home/omenitep/.m2/repository/org/lwjgl/lwjgl-opengl/3.3.3/lwjgl-opengl-3.3.3.jar
7fdab1249000-7fdab12fd000 rw-p 00000000 00:00 0 
7fdab12fd000-7fdab12fe000 ---p 00000000 00:00 0 
7fdab12fe000-7fdab13fe000 rw-p 00000000 00:00 0 
7fdab13fe000-7fdab13ff000 ---p 00000000 00:00 0 
7fdab13ff000-7fdab14ff000 rw-p 00000000 00:00 0 
7fdab14ff000-7fdab1500000 ---p 00000000 00:00 0 
7fdab1500000-7fdab1600000 rw-p 00000000 00:00 0 
7fdab1600000-7fdab160d000 r-xp 00000000 00:24 716046                     /usr/java/jre1.8.0_361-amd64/lib/amd64/libverify.so
7fdab160d000-7fdab180c000 ---p 0000d000 00:24 716046                     /usr/java/jre1.8.0_361-amd64/lib/amd64/libverify.so
7fdab180c000-7fdab180e000 r--p 0000c000 00:24 716046                     /usr/java/jre1.8.0_361-amd64/lib/amd64/libverify.so
7fdab180e000-7fdab180f000 rw-p 0000e000 00:24 716046                     /usr/java/jre1.8.0_361-amd64/lib/amd64/libverify.so
7fdab180f000-7fdab1810000 rw-s 11ff16000 00:05 587                       /dev/dri/renderD128
7fdab1810000-7fdab1813000 r--s 000ab000 00:24 12397802                   /var/home/omenitep/.m2/repository/org/joml/joml/1.10.5/joml-1.10.5.jar
7fdab1813000-7fdab1814000 r--s 00038000 00:24 12392984                   /var/home/omenitep/.m2/repository/org/lwjgl/lwjgl-stb/3.3.3/lwjgl-stb-3.3.3-natives-linux.jar
7fdab1814000-7fdab1815000 r--s 00013000 00:24 12392982                   /var/home/omenitep/.m2/repository/org/lwjgl/lwjgl-opengl/3.3.3/lwjgl-opengl-3.3.3-natives-linux.jar
7fdab1815000-7fdab1816000 r--s 0008b000 00:24 12392979                   /var/home/omenitep/.m2/repository/org/lwjgl/lwjgl-openal/3.3.3/lwjgl-openal-3.3.3-natives-linux.jar
7fdab1816000-7fdab1817000 r--s 0001c000 00:24 12392978                   /var/home/omenitep/.m2/repository/org/lwjgl/lwjgl-glfw/3.3.3/lwjgl-glfw-3.3.3-natives-linux.jar
7fdab1817000-7fdab1819000 r--s 003e1000 00:24 12392983                   /var/home/omenitep/.m2/repository/org/lwjgl/lwjgl-assimp/3.3.3/lwjgl-assimp-3.3.3-natives-linux.jar
7fdab1819000-7fdab182c000 r--s 00353000 00:24 716298                     /usr/java/jre1.8.0_361-amd64/lib/resources.jar
7fdab182c000-7fdab18fd000 rw-p 00000000 00:00 0 
7fdab18fd000-7fdab18fe000 ---p 00000000 00:00 0 
7fdab18fe000-7fdab19fe000 rw-p 00000000 00:00 0 
7fdab19fe000-7fdab19ff000 ---p 00000000 00:00 0 
7fdab19ff000-7fdab1aff000 rw-p 00000000 00:00 0 
7fdab1aff000-7fdab1b00000 ---p 00000000 00:00 0 
7fdab1b00000-7fdab1c00000 rw-p 00000000 00:00 0 
7fdab1c00000-7fdab28fe000 r-xp 00000000 00:24 716051                     /usr/java/jre1.8.0_361-amd64/lib/amd64/server/libjvm.so
7fdab28fe000-7fdab2afe000 ---p 00cfe000 00:24 716051                     /usr/java/jre1.8.0_361-amd64/lib/amd64/server/libjvm.so
7fdab2afe000-7fdab2b94000 r--p 00cfe000 00:24 716051                     /usr/java/jre1.8.0_361-amd64/lib/amd64/server/libjvm.so
7fdab2b94000-7fdab2bc5000 rw-p 00d94000 00:24 716051                     /usr/java/jre1.8.0_361-amd64/lib/amd64/server/libjvm.so
7fdab2bc5000-7fdab2c00000 rw-p 00000000 00:00 0 
7fdab2c00000-7fdab2c01000 r--s 0001b000 00:24 12392976                   /var/home/omenitep/.m2/repository/org/lwjgl/lwjgl/3.3.3/lwjgl-3.3.3-natives-linux.jar
7fdab2c01000-7fdab2c04000 r--s 0001b000 00:24 12392969                   /var/home/omenitep/.m2/repository/org/lwjgl/lwjgl-stb/3.3.3/lwjgl-stb-3.3.3.jar
7fdab2c04000-7fdab2c09000 r--s 0001d000 00:24 12392970                   /var/home/omenitep/.m2/repository/org/lwjgl/lwjgl-glfw/3.3.3/lwjgl-glfw-3.3.3.jar
7fdab2c09000-7fdab2c13000 r--s 000b6000 00:24 12392966                   /var/home/omenitep/.m2/repository/org/lwjgl/lwjgl/3.3.3/lwjgl-3.3.3.jar
7fdab2c13000-7fdab2c87000 rw-p 00000000 00:00 0 
7fdab2c87000-7fdab2eff000 r--p 00000000 00:24 2536665                    /usr/lib/locale/en_US.utf8/LC_COLLATE
7fdab2eff000-7fdab2f00000 ---p 00000000 00:00 0 
7fdab2f00000-7fdab2f03000 ---p 00000000 00:00 0 
7fdab2f03000-7fdab3000000 rw-p 00000000 00:00 0 
7fdab3000000-7fdab3017000 r-xp 00000000 00:24 715981                     /usr/java/jre1.8.0_361-amd64/lib/amd64/jli/libjli.so
7fdab3017000-7fdab3216000 ---p 00017000 00:24 715981                     /usr/java/jre1.8.0_361-amd64/lib/amd64/jli/libjli.so
7fdab3216000-7fdab3217000 r--p 00016000 00:24 715981                     /usr/java/jre1.8.0_361-amd64/lib/amd64/jli/libjli.so
7fdab3217000-7fdab3218000 rw-p 00017000 00:24 715981                     /usr/java/jre1.8.0_361-amd64/lib/amd64/jli/libjli.so
7fdab3218000-7fdab321c000 r--s 0003b000 00:24 12392973                   /var/home/omenitep/.m2/repository/org/lwjgl/lwjgl-assimp/3.3.3/lwjgl-assimp-3.3.3.jar
7fdab321c000-7fdab3224000 rw-s 00000000 00:2b 807                        /tmp/hsperfdata_omenitep/14081
7fdab3224000-7fdab327b000 r--p 00000000 00:24 117960                     /usr/lib/locale/C.utf8/LC_CTYPE
7fdab327b000-7fdab327c000 r--p 00000000 00:24 117768                     /usr/lib64/librt.so.1
7fdab327c000-7fdab327d000 r-xp 00001000 00:24 117768                     /usr/lib64/librt.so.1
7fdab327d000-7fdab327e000 r--p 00002000 00:24 117768                     /usr/lib64/librt.so.1
7fdab327e000-7fdab327f000 r--p 00002000 00:24 117768                     /usr/lib64/librt.so.1
7fdab327f000-7fdab3280000 rw-p 00003000 00:24 117768                     /usr/lib64/librt.so.1
7fdab3280000-7fdab328e000 r--p 00000000 00:24 117761                     /usr/lib64/libm.so.6
7fdab328e000-7fdab3300000 r-xp 0000e000 00:24 117761                     /usr/lib64/libm.so.6
7fdab3300000-7fdab335c000 r--p 00080000 00:24 117761                     /usr/lib64/libm.so.6
7fdab335c000-7fdab335d000 r--p 000db000 00:24 117761                     /usr/lib64/libm.so.6
7fdab335d000-7fdab335e000 rw-p 000dc000 00:24 117761                     /usr/lib64/libm.so.6
7fdab335e000-7fdab3360000 rw-p 00000000 00:00 0 
7fdab3360000-7fdab3388000 r--p 00000000 00:24 117758                     /usr/lib64/libc.so.6
7fdab3388000-7fdab34fc000 r-xp 00028000 00:24 117758                     /usr/lib64/libc.so.6
7fdab34fc000-7fdab3554000 r--p 0019c000 00:24 117758                     /usr/lib64/libc.so.6
7fdab3554000-7fdab3558000 r--p 001f3000 00:24 117758                     /usr/lib64/libc.so.6
7fdab3558000-7fdab355a000 rw-p 001f7000 00:24 117758                     /usr/lib64/libc.so.6
7fdab355a000-7fdab3562000 rw-p 00000000 00:00 0 
7fdab3562000-7fdab3563000 r--p 00000000 00:24 117760                     /usr/lib64/libdl.so.2
7fdab3563000-7fdab3564000 r-xp 00001000 00:24 117760                     /usr/lib64/libdl.so.2
7fdab3564000-7fdab3565000 r--p 00002000 00:24 117760                     /usr/lib64/libdl.so.2
7fdab3565000-7fdab3566000 r--p 00002000 00:24 117760                     /usr/lib64/libdl.so.2
7fdab3566000-7fdab3567000 rw-p 00003000 00:24 117760                     /usr/lib64/libdl.so.2
7fdab3567000-7fdab3568000 r--p 00000000 00:24 117766                     /usr/lib64/libpthread.so.0
7fdab3568000-7fdab3569000 r-xp 00001000 00:24 117766                     /usr/lib64/libpthread.so.0
7fdab3569000-7fdab356a000 r--p 00002000 00:24 117766                     /usr/lib64/libpthread.so.0
7fdab356a000-7fdab356b000 r--p 00002000 00:24 117766                     /usr/lib64/libpthread.so.0
7fdab356b000-7fdab356c000 rw-p 00003000 00:24 117766                     /usr/lib64/libpthread.so.0
7fdab356c000-7fdab356f000 r--s 00018000 00:24 12392968                   /var/home/omenitep/.m2/repository/org/lwjgl/lwjgl-openal/3.3.3/lwjgl-openal-3.3.3.jar
7fdab356f000-7fdab3570000 r--s 00000000 00:2b 805                        /tmp/cp_6dauqiz2sdnzmg5v870kg3wy7.jar
7fdab3570000-7fdab3571000 r--p 00000000 00:24 2536669                    /usr/lib/locale/en_US.utf8/LC_NUMERIC
7fdab3571000-7fdab3572000 r--p 00000000 00:24 2536619                    /usr/lib/locale/en_US.utf8/LC_TIME
7fdab3572000-7fdab3573000 r--p 00000000 00:24 2536617                    /usr/lib/locale/en_US.utf8/LC_MONETARY
7fdab3573000-7fdab3574000 r--p 00000000 00:24 2536667                    /usr/lib/locale/en_US.utf8/LC_MESSAGES/SYS_LC_MESSAGES
7fdab3574000-7fdab3575000 r--p 00000000 00:24 2536684                    /usr/lib/locale/en_US.utf8/LC_PAPER
7fdab3575000-7fdab3576000 r--p 00000000 00:24 2536668                    /usr/lib/locale/en_US.utf8/LC_NAME
7fdab3576000-7fdab3577000 r--p 00000000 00:24 2536612                    /usr/lib/locale/en_US.utf8/LC_ADDRESS
7fdab3577000-7fdab3578000 r--p 00000000 00:24 2536618                    /usr/lib/locale/en_US.utf8/LC_TELEPHONE
7fdab3578000-7fdab3579000 r--p 00000000 00:24 2536615                    /usr/lib/locale/en_US.utf8/LC_MEASUREMENT
7fdab3579000-7fdab3580000 r--s 00000000 00:24 930458                     /usr/lib64/gconv/gconv-modules.cache
7fdab3580000-7fdab3581000 r--p 00000000 00:24 2536614                    /usr/lib/locale/en_US.utf8/LC_IDENTIFICATION
7fdab3581000-7fdab3584000 rw-p 00000000 00:00 0 
7fdab3584000-7fdab3586000 r--p 00000000 00:24 117755                     /usr/lib64/ld-linux-x86-64.so.2
7fdab3586000-7fdab35ad000 r-xp 00002000 00:24 117755                     /usr/lib64/ld-linux-x86-64.so.2
7fdab35ad000-7fdab35b8000 r--p 00029000 00:24 117755                     /usr/lib64/ld-linux-x86-64.so.2
7fdab35b8000-7fdab35b9000 r--p 00000000 00:00 0 
7fdab35b9000-7fdab35bb000 r--p 00034000 00:24 117755                     /usr/lib64/ld-linux-x86-64.so.2
7fdab35bb000-7fdab35bd000 rw-p 00036000 00:24 117755                     /usr/lib64/ld-linux-x86-64.so.2
7fff5e51a000-7fff5e53b000 rw-p 00000000 00:00 0                          [stack]
7fff5e553000-7fff5e557000 r--p 00000000 00:00 0                          [vvar]
7fff5e557000-7fff5e559000 r-xp 00000000 00:00 0                          [vdso]
ffffffffff600000-ffffffffff601000 --xp 00000000 00:00 0                  [vsyscall]

VM Arguments:
jvm_args: -agentlib:jdwp=transport=dt_socket,server=n,suspend=y,address=localhost:46663 
java_command: com.marching_cubes.Main
java_class_path (initial): /tmp/cp_6dauqiz2sdnzmg5v870kg3wy7.jar
Launcher Type: SUN_STANDARD

Environment Variables:
PATH=/usr/local/go/bin:/var/home/omenitep/.nvm/versions/node/v16.20.1/bin:/var/home/omenitep/.cargo/bin:/var/home/omenitep/.local/bin:/var/home/omenitep/bin:/usr/lib64/ccache:/usr/local/sbin:/usr/local/bin:/usr/sbin:/usr/bin:/sbin:/bin:/var/home/omenitep/.dotnet/tools
LD_LIBRARY_PATH=:/usr/lib/:/usr/lib/
SHELL=/bin/bash
DISPLAY=:0

Signal Handlers:
SIGSEGV: [libjvm.so+0xae60a0], sa_mask[0]=11111111011111111101111111111110, sa_flags=SA_RESTART|SA_SIGINFO
SIGBUS: [libjvm.so+0xae60a0], sa_mask[0]=11111111011111111101111111111110, sa_flags=SA_RESTART|SA_SIGINFO
SIGFPE: [libjvm.so+0xae60a0], sa_mask[0]=11111111011111111101111111111110, sa_flags=SA_RESTART|SA_SIGINFO
SIGPIPE: [libjvm.so+0x91a370], sa_mask[0]=11111111011111111101111111111110, sa_flags=SA_RESTART|SA_SIGINFO
SIGXFSZ: [libjvm.so+0x91a370], sa_mask[0]=11111111011111111101111111111110, sa_flags=SA_RESTART|SA_SIGINFO
SIGILL: [libjvm.so+0xae60a0], sa_mask[0]=11111111011111111101111111111110, sa_flags=SA_RESTART|SA_SIGINFO
SIGUSR1: SIG_DFL, sa_mask[0]=00000000000000000000000000000000, sa_flags=none
SIGUSR2: [libjvm.so+0x91a3d0], sa_mask[0]=00000000000000000000000000000000, sa_flags=SA_RESTART|SA_SIGINFO
SIGHUP: [libjvm.so+0x91a9a0], sa_mask[0]=11111111011111111101111111111110, sa_flags=SA_RESTART|SA_SIGINFO
SIGINT: [libjvm.so+0x91a9a0], sa_mask[0]=11111111011111111101111111111110, sa_flags=SA_RESTART|SA_SIGINFO
SIGTERM: [libjvm.so+0x91a9a0], sa_mask[0]=11111111011111111101111111111110, sa_flags=SA_RESTART|SA_SIGINFO
SIGQUIT: [libjvm.so+0x91a9a0], sa_mask[0]=11111111011111111101111111111110, sa_flags=SA_RESTART|SA_SIGINFO


---------------  S Y S T E M  ---------------

OS:Fedora release 36 (Thirty Six)

uname:Linux 6.7.3-100.fc38.x86_64 #1 SMP PREEMPT_DYNAMIC Thu Feb  1 03:33:32 UTC 2024 x86_64
libc:glibc 2.35 NPTL 2.35 
rlimit: STACK 8192k, CORE infinity, NPROC 61072, NOFILE 524288, AS infinity
load average:1.38 1.18 1.02

/proc/meminfo:
MemTotal:       15768632 kB
MemFree:         5298336 kB
MemAvailable:   10346836 kB
Buffers:            4104 kB
Cached:          5486612 kB
SwapCached:            0 kB
Active:          6214724 kB
Inactive:        3317040 kB
Active(anon):    4306228 kB
Inactive(anon):        0 kB
Active(file):    1908496 kB
Inactive(file):  3317040 kB
Unevictable:        5596 kB
Mlocked:            5596 kB
SwapTotal:       8388604 kB
SwapFree:        8388604 kB
Zswap:                 0 kB
Zswapped:              0 kB
Dirty:              3804 kB
Writeback:             0 kB
AnonPages:       4047552 kB
Mapped:          1146072 kB
Shmem:            259752 kB
KReclaimable:     150052 kB
Slab:             372960 kB
SReclaimable:     150052 kB
SUnreclaim:       222908 kB
KernelStack:       31116 kB
PageTables:        72920 kB
SecPageTables:         0 kB
NFS_Unstable:          0 kB
Bounce:                0 kB
WritebackTmp:          0 kB
CommitLimit:    16272920 kB
Committed_AS:   20370620 kB
VmallocTotal:   34359738367 kB
VmallocUsed:      109192 kB
VmallocChunk:          0 kB
Percpu:            13440 kB
HardwareCorrupted:     0 kB
AnonHugePages:         0 kB
ShmemHugePages:        0 kB
ShmemPmdMapped:        0 kB
FileHugePages:         0 kB
FilePmdMapped:         0 kB
CmaTotal:              0 kB
CmaFree:               0 kB
Unaccepted:            0 kB
HugePages_Total:       0
HugePages_Free:        0
HugePages_Rsvd:        0
HugePages_Surp:        0
Hugepagesize:       2048 kB
Hugetlb:               0 kB
DirectMap4k:      528336 kB
DirectMap2M:    13543424 kB
DirectMap1G:     2097152 kB

container (cgroup) information:
container_type: cgroupv2
cpu_cpuset_cpus: failed
cpu_memory_nodes: failed
active_processor_count: 16
cpu_quota: -2
cpu_period: -2
cpu_shares: -2
memory_limit_in_bytes: -2
memory_and_swap_limit_in_bytes: -2
memory_soft_limit_in_bytes: -2
memory_usage_in_bytes: -2
memory_max_usage_in_bytes: -2


CPU:total 16 (initial active 16) (16 cores per cpu, 1 threads per core) family 23 model 96 stepping 1, cmov, cx8, fxsr, mmx, sse, sse2, sse3, ssse3, sse4.1, sse4.2, popcnt, avx, avx2, aes, clmul, mmxext, 3dnowpref, lzcnt, sse4a, tsc, tscinvbit, tscinv, bmi1

/proc/cpuinfo:
processor	: 0
vendor_id	: AuthenticAMD
cpu family	: 23
model		: 96
model name	: AMD Ryzen 9 4900HS with Radeon Graphics
stepping	: 1
microcode	: 0x8600104
cpu MHz		: 4263.075
cache size	: 512 KB
physical id	: 0
siblings	: 16
core id		: 0
cpu cores	: 8
apicid		: 0
initial apicid	: 0
fpu		: yes
fpu_exception	: yes
cpuid level	: 16
wp		: yes
flags		: fpu vme de pse tsc msr pae mce cx8 apic sep mtrr pge mca cmov pat pse36 clflush mmx fxsr sse sse2 ht syscall nx mmxext fxsr_opt pdpe1gb rdtscp lm constant_tsc rep_good nopl nonstop_tsc cpuid extd_apicid aperfmperf rapl pni pclmulqdq monitor ssse3 fma cx16 sse4_1 sse4_2 movbe popcnt aes xsave avx f16c rdrand lahf_lm cmp_legacy svm extapic cr8_legacy abm sse4a misalignsse 3dnowprefetch osvw ibs skinit wdt tce topoext perfctr_core perfctr_nb bpext perfctr_llc mwaitx cpb cat_l3 cdp_l3 hw_pstate ssbd mba ibrs ibpb stibp vmmcall fsgsbase bmi1 avx2 smep bmi2 cqm rdt_a rdseed adx smap clflushopt clwb sha_ni xsaveopt xsavec xgetbv1 cqm_llc cqm_occup_llc cqm_mbm_total cqm_mbm_local clzero irperf xsaveerptr rdpru wbnoinvd cppc arat npt lbrv svm_lock nrip_save tsc_scale vmcb_clean flushbyasid decodeassists pausefilter pfthreshold avic v_vmsave_vmload vgif v_spec_ctrl umip rdpid overflow_recov succor smca sev sev_es
bugs		: sysret_ss_attrs spectre_v1 spectre_v2 spec_store_bypass retbleed smt_rsb srso
bogomips	: 5989.45
TLB size	: 3072 4K pages
clflush size	: 64
cache_alignment	: 64
address sizes	: 44 bits physical, 48 bits virtual
power management: ts ttp tm hwpstate cpb eff_freq_ro [13] [14]

processor	: 1
vendor_id	: AuthenticAMD
cpu family	: 23
model		: 96
model name	: AMD Ryzen 9 4900HS with Radeon Graphics
stepping	: 1
microcode	: 0x8600104
cpu MHz		: 4292.031
cache size	: 512 KB
physical id	: 0
siblings	: 16
core id		: 0
cpu cores	: 8
apicid		: 1
initial apicid	: 1
fpu		: yes
fpu_exception	: yes
cpuid level	: 16
wp		: yes
flags		: fpu vme de pse tsc msr pae mce cx8 apic sep mtrr pge mca cmov pat pse36 clflush mmx fxsr sse sse2 ht syscall nx mmxext fxsr_opt pdpe1gb rdtscp lm constant_tsc rep_good nopl nonstop_tsc cpuid extd_apicid aperfmperf rapl pni pclmulqdq monitor ssse3 fma cx16 sse4_1 sse4_2 movbe popcnt aes xsave avx f16c rdrand lahf_lm cmp_legacy svm extapic cr8_legacy abm sse4a misalignsse 3dnowprefetch osvw ibs skinit wdt tce topoext perfctr_core perfctr_nb bpext perfctr_llc mwaitx cpb cat_l3 cdp_l3 hw_pstate ssbd mba ibrs ibpb stibp vmmcall fsgsbase bmi1 avx2 smep bmi2 cqm rdt_a rdseed adx smap clflushopt clwb sha_ni xsaveopt xsavec xgetbv1 cqm_llc cqm_occup_llc cqm_mbm_total cqm_mbm_local clzero irperf xsaveerptr rdpru wbnoinvd cppc arat npt lbrv svm_lock nrip_save tsc_scale vmcb_clean flushbyasid decodeassists pausefilter pfthreshold avic v_vmsave_vmload vgif v_spec_ctrl umip rdpid overflow_recov succor smca sev sev_es
bugs		: sysret_ss_attrs spectre_v1 spectre_v2 spec_store_bypass retbleed smt_rsb srso
bogomips	: 5989.45
TLB size	: 3072 4K pages
clflush size	: 64
cache_alignment	: 64
address sizes	: 44 bits physical, 48 bits virtual
power management: ts ttp tm hwpstate cpb eff_freq_ro [13] [14]

processor	: 2
vendor_id	: AuthenticAMD
cpu family	: 23
model		: 96
model name	: AMD Ryzen 9 4900HS with Radeon Graphics
stepping	: 1
microcode	: 0x8600104
cpu MHz		: 1417.401
cache size	: 512 KB
physical id	: 0
siblings	: 16
core id		: 1
cpu cores	: 8
apicid		: 2
initial apicid	: 2
fpu		: yes
fpu_exception	: yes
cpuid level	: 16
wp		: yes
flags		: fpu vme de pse tsc msr pae mce cx8 apic sep mtrr pge mca cmov pat pse36 clflush mmx fxsr sse sse2 ht syscall nx mmxext fxsr_opt pdpe1gb rdtscp lm constant_tsc rep_good nopl nonstop_tsc cpuid extd_apicid aperfmperf rapl pni pclmulqdq monitor ssse3 fma cx16 sse4_1 sse4_2 movbe popcnt aes xsave avx f16c rdrand lahf_lm cmp_legacy svm extapic cr8_legacy abm sse4a misalignsse 3dnowprefetch osvw ibs skinit wdt tce topoext perfctr_core perfctr_nb bpext perfctr_llc mwaitx cpb cat_l3 cdp_l3 hw_pstate ssbd mba ibrs ibpb stibp vmmcall fsgsbase bmi1 avx2 smep bmi2 cqm rdt_a rdseed adx smap clflushopt clwb sha_ni xsaveopt xsavec xgetbv1 cqm_llc cqm_occup_llc cqm_mbm_total cqm_mbm_local clzero irperf xsaveerptr rdpru wbnoinvd cppc arat npt lbrv svm_lock nrip_save tsc_scale vmcb_clean flushbyasid decodeassists pausefilter pfthreshold avic v_vmsave_vmload vgif v_spec_ctrl umip rdpid overflow_recov succor smca sev sev_es
bugs		: sysret_ss_attrs spectre_v1 spectre_v2 spec_store_bypass retbleed smt_rsb srso
bogomips	: 5989.45
TLB size	: 3072 4K pages
clflush size	: 64
cache_alignment	: 64
address sizes	: 44 bits physical, 48 bits virtual
power management: ts ttp tm hwpstate cpb eff_freq_ro [13] [14]

processor	: 3
vendor_id	: AuthenticAMD
cpu family	: 23
model		: 96
model name	: AMD Ryzen 9 4900HS with Radeon Graphics
stepping	: 1
microcode	: 0x8600104
cpu MHz		: 1907.775
cache size	: 512 KB
physical id	: 0
siblings	: 16
core id		: 1
cpu cores	: 8
apicid		: 3
initial apicid	: 3
fpu		: yes
fpu_exception	: yes
cpuid level	: 16
wp		: yes
flags		: fpu vme de pse tsc msr pae mce cx8 apic sep mtrr pge mca cmov pat pse36 clflush mmx fxsr sse sse2 ht syscall nx mmxext fxsr_opt pdpe1gb rdtscp lm constant_tsc rep_good nopl nonstop_tsc cpuid extd_apicid aperfmperf rapl pni pclmulqdq monitor ssse3 fma cx16 sse4_1 sse4_2 movbe popcnt aes xsave avx f16c rdrand lahf_lm cmp_legacy svm extapic cr8_legacy abm sse4a misalignsse 3dnowprefetch osvw ibs skinit wdt tce topoext perfctr_core perfctr_nb bpext perfctr_llc mwaitx cpb cat_l3 cdp_l3 hw_pstate ssbd mba ibrs ibpb stibp vmmcall fsgsbase bmi1 avx2 smep bmi2 cqm rdt_a rdseed adx smap clflushopt clwb sha_ni xsaveopt xsavec xgetbv1 cqm_llc cqm_occup_llc cqm_mbm_total cqm_mbm_local clzero irperf xsaveerptr rdpru wbnoinvd cppc arat npt lbrv svm_lock nrip_save tsc_scale vmcb_clean flushbyasid decodeassists pausefilter pfthreshold avic v_vmsave_vmload vgif v_spec_ctrl umip rdpid overflow_recov succor smca sev sev_es
bugs		: sysret_ss_attrs spectre_v1 spectre_v2 spec_store_bypass retbleed smt_rsb srso
bogomips	: 5989.45
TLB size	: 3072 4K pages
clflush size	: 64
cache_alignment	: 64
address sizes	: 44 bits physical, 48 bits virtual
power management: ts ttp tm hwpstate cpb eff_freq_ro [13] [14]

processor	: 4
vendor_id	: AuthenticAMD
cpu family	: 23
model		: 96
model name	: AMD Ryzen 9 4900HS with Radeon Graphics
stepping	: 1
microcode	: 0x8600104
cpu MHz		: 1898.005
cache size	: 512 KB
physical id	: 0
siblings	: 16
core id		: 2
cpu cores	: 8
apicid		: 4
initial apicid	: 4
fpu		: yes
fpu_exception	: yes
cpuid level	: 16
wp		: yes
flags		: fpu vme de pse tsc msr pae mce cx8 apic sep mtrr pge mca cmov pat pse36 clflush mmx fxsr sse sse2 ht syscall nx mmxext fxsr_opt pdpe1gb rdtscp lm constant_tsc rep_good nopl nonstop_tsc cpuid extd_apicid aperfmperf rapl pni pclmulqdq monitor ssse3 fma cx16 sse4_1 sse4_2 movbe popcnt aes xsave avx f16c rdrand lahf_lm cmp_legacy svm extapic cr8_legacy abm sse4a misalignsse 3dnowprefetch osvw ibs skinit wdt tce topoext perfctr_core perfctr_nb bpext perfctr_llc mwaitx cpb cat_l3 cdp_l3 hw_pstate ssbd mba ibrs ibpb stibp vmmcall fsgsbase bmi1 avx2 smep bmi2 cqm rdt_a rdseed adx smap clflushopt clwb sha_ni xsaveopt xsavec xgetbv1 cqm_llc cqm_occup_llc cqm_mbm_total cqm_mbm_local clzero irperf xsaveerptr rdpru wbnoinvd cppc arat npt lbrv svm_lock nrip_save tsc_scale vmcb_clean flushbyasid decodeassists pausefilter pfthreshold avic v_vmsave_vmload vgif v_spec_ctrl umip rdpid overflow_recov succor smca sev sev_es
bugs		: sysret_ss_attrs spectre_v1 spectre_v2 spec_store_bypass retbleed smt_rsb srso
bogomips	: 5989.45
TLB size	: 3072 4K pages
clflush size	: 64
cache_alignment	: 64
address sizes	: 44 bits physical, 48 bits virtual
power management: ts ttp tm hwpstate cpb eff_freq_ro [13] [14]

processor	: 5
vendor_id	: AuthenticAMD
cpu family	: 23
model		: 96
model name	: AMD Ryzen 9 4900HS with Radeon Graphics
stepping	: 1
microcode	: 0x8600104
cpu MHz		: 1908.972
cache size	: 512 KB
physical id	: 0
siblings	: 16
core id		: 2
cpu cores	: 8
apicid		: 5
initial apicid	: 5
fpu		: yes
fpu_exception	: yes
cpuid level	: 16
wp		: yes
flags		: fpu vme de pse tsc msr pae mce cx8 apic sep mtrr pge mca cmov pat pse36 clflush mmx fxsr sse sse2 ht syscall nx mmxext fxsr_opt pdpe1gb rdtscp lm constant_tsc rep_good nopl nonstop_tsc cpuid extd_apicid aperfmperf rapl pni pclmulqdq monitor ssse3 fma cx16 sse4_1 sse4_2 movbe popcnt aes xsave avx f16c rdrand lahf_lm cmp_legacy svm extapic cr8_legacy abm sse4a misalignsse 3dnowprefetch osvw ibs skinit wdt tce topoext perfctr_core perfctr_nb bpext perfctr_llc mwaitx cpb cat_l3 cdp_l3 hw_pstate ssbd mba ibrs ibpb stibp vmmcall fsgsbase bmi1 avx2 smep bmi2 cqm rdt_a rdseed adx smap clflushopt clwb sha_ni xsaveopt xsavec xgetbv1 cqm_llc cqm_occup_llc cqm_mbm_total cqm_mbm_local clzero irperf xsaveerptr rdpru wbnoinvd cppc arat npt lbrv svm_lock nrip_save tsc_scale vmcb_clean flushbyasid decodeassists pausefilter pfthreshold avic v_vmsave_vmload vgif v_spec_ctrl umip rdpid overflow_recov succor smca sev sev_es
bugs		: sysret_ss_attrs spectre_v1 spectre_v2 spec_store_bypass retbleed smt_rsb srso
bogomips	: 5989.45
TLB size	: 3072 4K pages
clflush size	: 64
cache_alignment	: 64
address sizes	: 44 bits physical, 48 bits virtual
power management: ts ttp tm hwpstate cpb eff_freq_ro [13] [14]

processor	: 6
vendor_id	: AuthenticAMD
cpu family	: 23
model		: 96
model name	: AMD Ryzen 9 4900HS with Radeon Graphics
stepping	: 1
microcode	: 0x8600104
cpu MHz		: 1906.959
cache size	: 512 KB
physical id	: 0
siblings	: 16
core id		: 3
cpu cores	: 8
apicid		: 6
initial apicid	: 6
fpu		: yes
fpu_exception	: yes
cpuid level	: 16
wp		: yes
flags		: fpu vme de pse tsc msr pae mce cx8 apic sep mtrr pge mca cmov pat pse36 clflush mmx fxsr sse sse2 ht syscall nx mmxext fxsr_opt pdpe1gb rdtscp lm constant_tsc rep_good nopl nonstop_tsc cpuid extd_apicid aperfmperf rapl pni pclmulqdq monitor ssse3 fma cx16 sse4_1 sse4_2 movbe popcnt aes xsave avx f16c rdrand lahf_lm cmp_legacy svm extapic cr8_legacy abm sse4a misalignsse 3dnowprefetch osvw ibs skinit wdt tce topoext perfctr_core perfctr_nb bpext perfctr_llc mwaitx cpb cat_l3 cdp_l3 hw_pstate ssbd mba ibrs ibpb stibp vmmcall fsgsbase bmi1 avx2 smep bmi2 cqm rdt_a rdseed adx smap clflushopt clwb sha_ni xsaveopt xsavec xgetbv1 cqm_llc cqm_occup_llc cqm_mbm_total cqm_mbm_local clzero irperf xsaveerptr rdpru wbnoinvd cppc arat npt lbrv svm_lock nrip_save tsc_scale vmcb_clean flushbyasid decodeassists pausefilter pfthreshold avic v_vmsave_vmload vgif v_spec_ctrl umip rdpid overflow_recov succor smca sev sev_es
bugs		: sysret_ss_attrs spectre_v1 spectre_v2 spec_store_bypass retbleed smt_rsb srso
bogomips	: 5989.45
TLB size	: 3072 4K pages
clflush size	: 64
cache_alignment	: 64
address sizes	: 44 bits physical, 48 bits virtual
power management: ts ttp tm hwpstate cpb eff_freq_ro [13] [14]

processor	: 7
vendor_id	: AuthenticAMD
cpu family	: 23
model		: 96
model name	: AMD Ryzen 9 4900HS with Radeon Graphics
stepping	: 1
microcode	: 0x8600104
cpu MHz		: 1497.583
cache size	: 512 KB
physical id	: 0
siblings	: 16
core id		: 3
cpu cores	: 8
apicid		: 7
initial apicid	: 7
fpu		: yes
fpu_exception	: yes
cpuid level	: 16
wp		: yes
flags		: fpu vme de pse tsc msr pae mce cx8 apic sep mtrr pge mca cmov pat pse36 clflush mmx fxsr sse sse2 ht syscall nx mmxext fxsr_opt pdpe1gb rdtscp lm constant_tsc rep_good nopl nonstop_tsc cpuid extd_apicid aperfmperf rapl pni pclmulqdq monitor ssse3 fma cx16 sse4_1 sse4_2 movbe popcnt aes xsave avx f16c rdrand lahf_lm cmp_legacy svm extapic cr8_legacy abm sse4a misalignsse 3dnowprefetch osvw ibs skinit wdt tce topoext perfctr_core perfctr_nb bpext perfctr_llc mwaitx cpb cat_l3 cdp_l3 hw_pstate ssbd mba ibrs ibpb stibp vmmcall fsgsbase bmi1 avx2 smep bmi2 cqm rdt_a rdseed adx smap clflushopt clwb sha_ni xsaveopt xsavec xgetbv1 cqm_llc cqm_occup_llc cqm_mbm_total cqm_mbm_local clzero irperf xsaveerptr rdpru wbnoinvd cppc arat npt lbrv svm_lock nrip_save tsc_scale vmcb_clean flushbyasid decodeassists pausefilter pfthreshold avic v_vmsave_vmload vgif v_spec_ctrl umip rdpid overflow_recov succor smca sev sev_es
bugs		: sysret_ss_attrs spectre_v1 spectre_v2 spec_store_bypass retbleed smt_rsb srso
bogomips	: 5989.45
TLB size	: 3072 4K pages
clflush size	: 64
cache_alignment	: 64
address sizes	: 44 bits physical, 48 bits virtual
power management: ts ttp tm hwpstate cpb eff_freq_ro [13] [14]

processor	: 8
vendor_id	: AuthenticAMD
cpu family	: 23
model		: 96
model name	: AMD Ryzen 9 4900HS with Radeon Graphics
stepping	: 1
microcode	: 0x8600104
cpu MHz		: 1896.294
cache size	: 512 KB
physical id	: 0
siblings	: 16
core id		: 4
cpu cores	: 8
apicid		: 8
initial apicid	: 8
fpu		: yes
fpu_exception	: yes
cpuid level	: 16
wp		: yes
flags		: fpu vme de pse tsc msr pae mce cx8 apic sep mtrr pge mca cmov pat pse36 clflush mmx fxsr sse sse2 ht syscall nx mmxext fxsr_opt pdpe1gb rdtscp lm constant_tsc rep_good nopl nonstop_tsc cpuid extd_apicid aperfmperf rapl pni pclmulqdq monitor ssse3 fma cx16 sse4_1 sse4_2 movbe popcnt aes xsave avx f16c rdrand lahf_lm cmp_legacy svm extapic cr8_legacy abm sse4a misalignsse 3dnowprefetch osvw ibs skinit wdt tce topoext perfctr_core perfctr_nb bpext perfctr_llc mwaitx cpb cat_l3 cdp_l3 hw_pstate ssbd mba ibrs ibpb stibp vmmcall fsgsbase bmi1 avx2 smep bmi2 cqm rdt_a rdseed adx smap clflushopt clwb sha_ni xsaveopt xsavec xgetbv1 cqm_llc cqm_occup_llc cqm_mbm_total cqm_mbm_local clzero irperf xsaveerptr rdpru wbnoinvd cppc arat npt lbrv svm_lock nrip_save tsc_scale vmcb_clean flushbyasid decodeassists pausefilter pfthreshold avic v_vmsave_vmload vgif v_spec_ctrl umip rdpid overflow_recov succor smca sev sev_es
bugs		: sysret_ss_attrs spectre_v1 spectre_v2 spec_store_bypass retbleed smt_rsb srso
bogomips	: 5989.45
TLB size	: 3072 4K pages
clflush size	: 64
cache_alignment	: 64
address sizes	: 44 bits physical, 48 bits virtual
power management: ts ttp tm hwpstate cpb eff_freq_ro [13] [14]

processor	: 9
vendor_id	: AuthenticAMD
cpu family	: 23
model		: 96
model name	: AMD Ryzen 9 4900HS with Radeon Graphics
stepping	: 1
microcode	: 0x8600104
cpu MHz		: 1896.509
cache size	: 512 KB
physical id	: 0
siblings	: 16
core id		: 4
cpu cores	: 8
apicid		: 9
initial apicid	: 9
fpu		: yes
fpu_exception	: yes
cpuid level	: 16
wp		: yes
flags		: fpu vme de pse tsc msr pae mce cx8 apic sep mtrr pge mca cmov pat pse36 clflush mmx fxsr sse sse2 ht syscall nx mmxext fxsr_opt pdpe1gb rdtscp lm constant_tsc rep_good nopl nonstop_tsc cpuid extd_apicid aperfmperf rapl pni pclmulqdq monitor ssse3 fma cx16 sse4_1 sse4_2 movbe popcnt aes xsave avx f16c rdrand lahf_lm cmp_legacy svm extapic cr8_legacy abm sse4a misalignsse 3dnowprefetch osvw ibs skinit wdt tce topoext perfctr_core perfctr_nb bpext perfctr_llc mwaitx cpb cat_l3 cdp_l3 hw_pstate ssbd mba ibrs ibpb stibp vmmcall fsgsbase bmi1 avx2 smep bmi2 cqm rdt_a rdseed adx smap clflushopt clwb sha_ni xsaveopt xsavec xgetbv1 cqm_llc cqm_occup_llc cqm_mbm_total cqm_mbm_local clzero irperf xsaveerptr rdpru wbnoinvd cppc arat npt lbrv svm_lock nrip_save tsc_scale vmcb_clean flushbyasid decodeassists pausefilter pfthreshold avic v_vmsave_vmload vgif v_spec_ctrl umip rdpid overflow_recov succor smca sev sev_es
bugs		: sysret_ss_attrs spectre_v1 spectre_v2 spec_store_bypass retbleed smt_rsb srso
bogomips	: 5989.45
TLB size	: 3072 4K pages
clflush size	: 64
cache_alignment	: 64
address sizes	: 44 bits physical, 48 bits virtual
power management: ts ttp tm hwpstate cpb eff_freq_ro [13] [14]

processor	: 10
vendor_id	: AuthenticAMD
cpu family	: 23
model		: 96
model name	: AMD Ryzen 9 4900HS with Radeon Graphics
stepping	: 1
microcode	: 0x8600104
cpu MHz		: 1908.001
cache size	: 512 KB
physical id	: 0
siblings	: 16
core id		: 5
cpu cores	: 8
apicid		: 10
initial apicid	: 10
fpu		: yes
fpu_exception	: yes
cpuid level	: 16
wp		: yes
flags		: fpu vme de pse tsc msr pae mce cx8 apic sep mtrr pge mca cmov pat pse36 clflush mmx fxsr sse sse2 ht syscall nx mmxext fxsr_opt pdpe1gb rdtscp lm constant_tsc rep_good nopl nonstop_tsc cpuid extd_apicid aperfmperf rapl pni pclmulqdq monitor ssse3 fma cx16 sse4_1 sse4_2 movbe popcnt aes xsave avx f16c rdrand lahf_lm cmp_legacy svm extapic cr8_legacy abm sse4a misalignsse 3dnowprefetch osvw ibs skinit wdt tce topoext perfctr_core perfctr_nb bpext perfctr_llc mwaitx cpb cat_l3 cdp_l3 hw_pstate ssbd mba ibrs ibpb stibp vmmcall fsgsbase bmi1 avx2 smep bmi2 cqm rdt_a rdseed adx smap clflushopt clwb sha_ni xsaveopt xsavec xgetbv1 cqm_llc cqm_occup_llc cqm_mbm_total cqm_mbm_local clzero irperf xsaveerptr rdpru wbnoinvd cppc arat npt lbrv svm_lock nrip_save tsc_scale vmcb_clean flushbyasid decodeassists pausefilter pfthreshold avic v_vmsave_vmload vgif v_spec_ctrl umip rdpid overflow_recov succor smca sev sev_es
bugs		: sysret_ss_attrs spectre_v1 spectre_v2 spec_store_bypass retbleed smt_rsb srso
bogomips	: 5989.45
TLB size	: 3072 4K pages
clflush size	: 64
cache_alignment	: 64
address sizes	: 44 bits physical, 48 bits virtual
power management: ts ttp tm hwpstate cpb eff_freq_ro [13] [14]

processor	: 11
vendor_id	: AuthenticAMD
cpu family	: 23
model		: 96
model name	: AMD Ryzen 9 4900HS with Radeon Graphics
stepping	: 1
microcode	: 0x8600104
cpu MHz		: 2794.297
cache size	: 512 KB
physical id	: 0
siblings	: 16
core id		: 5
cpu cores	: 8
apicid		: 11
initial apicid	: 11
fpu		: yes
fpu_exception	: yes
cpuid level	: 16
wp		: yes
flags		: fpu vme de pse tsc msr pae mce cx8 apic sep mtrr pge mca cmov pat pse36 clflush mmx fxsr sse sse2 ht syscall nx mmxext fxsr_opt pdpe1gb rdtscp lm constant_tsc rep_good nopl nonstop_tsc cpuid extd_apicid aperfmperf rapl pni pclmulqdq monitor ssse3 fma cx16 sse4_1 sse4_2 movbe popcnt aes xsave avx f16c rdrand lahf_lm cmp_legacy svm extapic cr8_legacy abm sse4a misalignsse 3dnowprefetch osvw ibs skinit wdt tce topoext perfctr_core perfctr_nb bpext perfctr_llc mwaitx cpb cat_l3 cdp_l3 hw_pstate ssbd mba ibrs ibpb stibp vmmcall fsgsbase bmi1 avx2 smep bmi2 cqm rdt_a rdseed adx smap clflushopt clwb sha_ni xsaveopt xsavec xgetbv1 cqm_llc cqm_occup_llc cqm_mbm_total cqm_mbm_local clzero irperf xsaveerptr rdpru wbnoinvd cppc arat npt lbrv svm_lock nrip_save tsc_scale vmcb_clean flushbyasid decodeassists pausefilter pfthreshold avic v_vmsave_vmload vgif v_spec_ctrl umip rdpid overflow_recov succor smca sev sev_es
bugs		: sysret_ss_attrs spectre_v1 spectre_v2 spec_store_bypass retbleed smt_rsb srso
bogomips	: 5989.45
TLB size	: 3072 4K pages
clflush size	: 64
cache_alignment	: 64
address sizes	: 44 bits physical, 48 bits virtual
power management: ts ttp tm hwpstate cpb eff_freq_ro [13] [14]

processor	: 12
vendor_id	: AuthenticAMD
cpu family	: 23
model		: 96
model name	: AMD Ryzen 9 4900HS with Radeon Graphics
stepping	: 1
microcode	: 0x8600104
cpu MHz		: 1897.817
cache size	: 512 KB
physical id	: 0
siblings	: 16
core id		: 6
cpu cores	: 8
apicid		: 12
initial apicid	: 12
fpu		: yes
fpu_exception	: yes
cpuid level	: 16
wp		: yes
flags		: fpu vme de pse tsc msr pae mce cx8 apic sep mtrr pge mca cmov pat pse36 clflush mmx fxsr sse sse2 ht syscall nx mmxext fxsr_opt pdpe1gb rdtscp lm constant_tsc rep_good nopl nonstop_tsc cpuid extd_apicid aperfmperf rapl pni pclmulqdq monitor ssse3 fma cx16 sse4_1 sse4_2 movbe popcnt aes xsave avx f16c rdrand lahf_lm cmp_legacy svm extapic cr8_legacy abm sse4a misalignsse 3dnowprefetch osvw ibs skinit wdt tce topoext perfctr_core perfctr_nb bpext perfctr_llc mwaitx cpb cat_l3 cdp_l3 hw_pstate ssbd mba ibrs ibpb stibp vmmcall fsgsbase bmi1 avx2 smep bmi2 cqm rdt_a rdseed adx smap clflushopt clwb sha_ni xsaveopt xsavec xgetbv1 cqm_llc cqm_occup_llc cqm_mbm_total cqm_mbm_local clzero irperf xsaveerptr rdpru wbnoinvd cppc arat npt lbrv svm_lock nrip_save tsc_scale vmcb_clean flushbyasid decodeassists pausefilter pfthreshold avic v_vmsave_vmload vgif v_spec_ctrl umip rdpid overflow_recov succor smca sev sev_es
bugs		: sysret_ss_attrs spectre_v1 spectre_v2 spec_store_bypass retbleed smt_rsb srso
bogomips	: 5989.45
TLB size	: 3072 4K pages
clflush size	: 64
cache_alignment	: 64
address sizes	: 44 bits physical, 48 bits virtual
power management: ts ttp tm hwpstate cpb eff_freq_ro [13] [14]

processor	: 13
vendor_id	: AuthenticAMD
cpu family	: 23
model		: 96
model name	: AMD Ryzen 9 4900HS with Radeon Graphics
stepping	: 1
microcode	: 0x8600104
cpu MHz		: 1896.062
cache size	: 512 KB
physical id	: 0
siblings	: 16
core id		: 6
cpu cores	: 8
apicid		: 13
initial apicid	: 13
fpu		: yes
fpu_exception	: yes
cpuid level	: 16
wp		: yes
flags		: fpu vme de pse tsc msr pae mce cx8 apic sep mtrr pge mca cmov pat pse36 clflush mmx fxsr sse sse2 ht syscall nx mmxext fxsr_opt pdpe1gb rdtscp lm constant_tsc rep_good nopl nonstop_tsc cpuid extd_apicid aperfmperf rapl pni pclmulqdq monitor ssse3 fma cx16 sse4_1 sse4_2 movbe popcnt aes xsave avx f16c rdrand lahf_lm cmp_legacy svm extapic cr8_legacy abm sse4a misalignsse 3dnowprefetch osvw ibs skinit wdt tce topoext perfctr_core perfctr_nb bpext perfctr_llc mwaitx cpb cat_l3 cdp_l3 hw_pstate ssbd mba ibrs ibpb stibp vmmcall fsgsbase bmi1 avx2 smep bmi2 cqm rdt_a rdseed adx smap clflushopt clwb sha_ni xsaveopt xsavec xgetbv1 cqm_llc cqm_occup_llc cqm_mbm_total cqm_mbm_local clzero irperf xsaveerptr rdpru wbnoinvd cppc arat npt lbrv svm_lock nrip_save tsc_scale vmcb_clean flushbyasid decodeassists pausefilter pfthreshold avic v_vmsave_vmload vgif v_spec_ctrl umip rdpid overflow_recov succor smca sev sev_es
bugs		: sysret_ss_attrs spectre_v1 spectre_v2 spec_store_bypass retbleed smt_rsb srso
bogomips	: 5989.45
TLB size	: 3072 4K pages
clflush size	: 64
cache_alignment	: 64
address sizes	: 44 bits physical, 48 bits virtual
power management: ts ttp tm hwpstate cpb eff_freq_ro [13] [14]

processor	: 14
vendor_id	: AuthenticAMD
cpu family	: 23
model		: 96
model name	: AMD Ryzen 9 4900HS with Radeon Graphics
stepping	: 1
microcode	: 0x8600104
cpu MHz		: 4267.442
cache size	: 512 KB
physical id	: 0
siblings	: 16
core id		: 7
cpu cores	: 8
apicid		: 14
initial apicid	: 14
fpu		: yes
fpu_exception	: yes
cpuid level	: 16
wp		: yes
flags		: fpu vme de pse tsc msr pae mce cx8 apic sep mtrr pge mca cmov pat pse36 clflush mmx fxsr sse sse2 ht syscall nx mmxext fxsr_opt pdpe1gb rdtscp lm constant_tsc rep_good nopl nonstop_tsc cpuid extd_apicid aperfmperf rapl pni pclmulqdq monitor ssse3 fma cx16 sse4_1 sse4_2 movbe popcnt aes xsave avx f16c rdrand lahf_lm cmp_legacy svm extapic cr8_legacy abm sse4a misalignsse 3dnowprefetch osvw ibs skinit wdt tce topoext perfctr_core perfctr_nb bpext perfctr_llc mwaitx cpb cat_l3 cdp_l3 hw_pstate ssbd mba ibrs ibpb stibp vmmcall fsgsbase bmi1 avx2 smep bmi2 cqm rdt_a rdseed adx smap clflushopt clwb sha_ni xsaveopt xsavec xgetbv1 cqm_llc cqm_occup_llc cqm_mbm_total cqm_mbm_local clzero irperf xsaveerptr rdpru wbnoinvd cppc arat npt lbrv svm_lock nrip_save tsc_scale vmcb_clean flushbyasid decodeassists pausefilter pfthreshold avic v_vmsave_vmload vgif v_spec_ctrl umip rdpid overflow_recov succor smca sev sev_es
bugs		: sysret_ss_attrs spectre_v1 spectre_v2 spec_store_bypass retbleed smt_rsb srso
bogomips	: 5989.45
TLB size	: 3072 4K pages
clflush size	: 64
cache_alignment	: 64
address sizes	: 44 bits physical, 48 bits virtual
power management: ts ttp tm hwpstate cpb eff_freq_ro [13] [14]

processor	: 15
vendor_id	: AuthenticAMD
cpu family	: 23
model		: 96
model name	: AMD Ryzen 9 4900HS with Radeon Graphics
stepping	: 1
microcode	: 0x8600104
cpu MHz		: 4291.117
cache size	: 512 KB
physical id	: 0
siblings	: 16
core id		: 7
cpu cores	: 8
apicid		: 15
initial apicid	: 15
fpu		: yes
fpu_exception	: yes
cpuid level	: 16
wp		: yes
flags		: fpu vme de pse tsc msr pae mce cx8 apic sep mtrr pge mca cmov pat pse36 clflush mmx fxsr sse sse2 ht syscall nx mmxext fxsr_opt pdpe1gb rdtscp lm constant_tsc rep_good nopl nonstop_tsc cpuid extd_apicid aperfmperf rapl pni pclmulqdq monitor ssse3 fma cx16 sse4_1 sse4_2 movbe popcnt aes xsave avx f16c rdrand lahf_lm cmp_legacy svm extapic cr8_legacy abm sse4a misalignsse 3dnowprefetch osvw ibs skinit wdt tce topoext perfctr_core perfctr_nb bpext perfctr_llc mwaitx cpb cat_l3 cdp_l3 hw_pstate ssbd mba ibrs ibpb stibp vmmcall fsgsbase bmi1 avx2 smep bmi2 cqm rdt_a rdseed adx smap clflushopt clwb sha_ni xsaveopt xsavec xgetbv1 cqm_llc cqm_occup_llc cqm_mbm_total cqm_mbm_local clzero irperf xsaveerptr rdpru wbnoinvd cppc arat npt lbrv svm_lock nrip_save tsc_scale vmcb_clean flushbyasid decodeassists pausefilter pfthreshold avic v_vmsave_vmload vgif v_spec_ctrl umip rdpid overflow_recov succor smca sev sev_es
bugs		: sysret_ss_attrs spectre_v1 spectre_v2 spec_store_bypass retbleed smt_rsb srso
bogomips	: 5989.45
TLB size	: 3072 4K pages
clflush size	: 64
cache_alignment	: 64
address sizes	: 44 bits physical, 48 bits virtual
power management: ts ttp tm hwpstate cpb eff_freq_ro [13] [14]



Memory: 4k page, physical 15768632k(5298336k free), swap 8388604k(8388604k free)

vm_info: Java HotSpot(TM) 64-Bit Server VM (25.361-b09) for linux-amd64 JRE (1.8.0_361-b09), built on Jan  9 2023 08:34:40 by "java_re" with gcc 7.3.0

time: Mon Mar  4 22:50:03 2024
timezone: EST
elapsed time: 0.858238 seconds (0d 0h 0m 0s)

